#
# A fatal error has been detected by the Java Runtime Environment:
#
#  EXCEPTION_ACCESS_VIOLATION (0xc0000005) at pc=0x0000000053ab231e, pid=8336, tid=0x0000000000000eb0
#
# JRE version: OpenJDK Runtime Environment (8.0_242-b01) (build 1.8.0_242-release-1644-b01)
# Java VM: OpenJDK 64-Bit Server VM (25.242-b01 mixed mode windows-amd64 compressed oops)
# Problematic frame:
# V  [jvm.dll+0x45231e]
#
# Failed to write core dump. Minidumps are not enabled by default on client versions of Windows
#
# If you would like to submit a bug report, please visit:
#   
#

---------------  T H R E A D  ---------------

Current thread (0x0000000016c63000):  JavaThread "C2 CompilerThread0" daemon [_thread_in_native, id=3760, stack(0x00000000182b0000,0x00000000183b0000)]

siginfo: ExceptionCode=0xc0000005, reading address 0x0000000000c50020

Registers:
RAX=0x00000000000002a5, RBX=0x0000000000000000, RCX=0x0000000000c50000, RDX=0x00000000216adbc0
RSP=0x00000000183ab9d0, RBP=0x00000000216adbc0, RSI=0x0000000000000000, RDI=0x0000000000000000
R8 =0x00000000216adb70, R9 =0x00000000216b1860, R10=0x00000000000004ae, R11=0x00000000216adbc0
R12=0x00000000216abc80, R13=0x000000001cde4330, R14=0x000000001d173d98, R15=0x0000000000000018
RIP=0x0000000053ab231e, EFLAGS=0x0000000000010206

Top of Stack: (sp=0x00000000183ab9d0)
0x00000000183ab9d0:   0000000000000010 0000000000000000
0x00000000183ab9e0:   0000000000000002 000000001cde4330
0x00000000183ab9f0:   0000000000000063 0000000019a01aa0
0x00000000183aba00:   0000000000102230 0000000019a06b30
0x00000000183aba10:   000000001cde4330 0000000019a09a88
0x00000000183aba20:   0000000016c25330 0000000053c9f9e8
0x00000000183aba30:   0000000016c25330 0000000000000100
0x00000000183aba40:   000000001cdea190 0000000000000001
0x00000000183aba50:   0000000000000001 0000000016c25330
0x00000000183aba60:   0000000000000007 000000001cf37190
0x00000000183aba70:   0000000016c25330 00000000183abf30
0x00000000183aba80:   0000000000000000 00000000183abba0
0x00000000183aba90:   00000000183abf50 0000000053af66eb
0x00000000183abaa0:   00000000183abf30 0000000000000536
0x00000000183abab0:   00000000216abc80 00000000216adbc0
0x00000000183abac0:   000000001cf371e0 000000001cf3f178 

Instructions: (pc=0x0000000053ab231e)
0x0000000053ab22fe:   00 83 f9 ff 74 67 4c 8d 04 89 49 c1 e0 04 4d 03
0x0000000053ab230e:   c4 49 8b 48 20 48 85 c9 75 06 49 8b 50 18 eb 42
0x0000000053ab231e:   48 83 79 20 00 74 25 e8 f6 f0 ff ff 4d 8b 48 20
0x0000000053ab232e:   49 8b 40 18 49 8b 51 18 8b 48 08 39 4a 08 73 04 


Register to memory mapping:

RAX=0x00000000000002a5 is an unknown value
RBX=0x0000000000000000 is an unknown value
RCX=0x0000000000c50000 is an unknown value
RDX=0x00000000216adbc0 is an unknown value
RSP=0x00000000183ab9d0 is pointing into the stack for thread: 0x0000000016c63000
RBP=0x00000000216adbc0 is an unknown value
RSI=0x0000000000000000 is an unknown value
RDI=0x0000000000000000 is an unknown value
R8 =0x00000000216adb70 is an unknown value
R9 =0x00000000216b1860 is an unknown value
R10=0x00000000000004ae is an unknown value
R11=0x00000000216adbc0 is an unknown value
R12=0x00000000216abc80 is an unknown value
R13=0x000000001cde4330 is an unknown value
R14=0x000000001d173d98 is an unknown value
R15=0x0000000000000018 is an unknown value


Stack: [0x00000000182b0000,0x00000000183b0000],  sp=0x00000000183ab9d0,  free space=1006k
Native frames: (J=compiled Java code, j=interpreted, Vv=VM code, C=native code)
V  [jvm.dll+0x45231e]
V  [jvm.dll+0x4966eb]
V  [jvm.dll+0x4470f0]
V  [jvm.dll+0x447f14]
V  [jvm.dll+0x42b072]
V  [jvm.dll+0x8230f]
V  [jvm.dll+0x82c7f]
V  [jvm.dll+0x220b7f]
V  [jvm.dll+0x27276a]
C  [msvcr100.dll+0x21d9f]
C  [msvcr100.dll+0x21e3b]
C  [KERNEL32.DLL+0x17034]
C  [ntdll.dll+0x52651]


Current CompileTask:
C2:   3128 2381  s!   4       sun.misc.URLClassPath::getLoader (243 bytes)


---------------  P R O C E S S  ---------------

Java Threads: ( => current thread )
  0x000000001a8ce000 JavaThread "Cache worker for execution history cache (C:\Gradle\gradle-6.8.3\caches\6.1.1\executionHistory)" [_thread_blocked, id=8264, stack(0x00000000205d0000,0x00000000206d0000)]
  0x000000001a8d1800 JavaThread "Cache worker for cache directory md-rule (C:\Gradle\gradle-6.8.3\caches\6.1.1\md-rule)" [_thread_blocked, id=10016, stack(0x000000001f230000,0x000000001f330000)]
  0x000000001a8d4800 JavaThread "Cache worker for cache directory md-supplier (C:\Gradle\gradle-6.8.3\caches\6.1.1\md-supplier)" [_thread_blocked, id=7964, stack(0x000000001ef00000,0x000000001f000000)]
  0x000000001a8d2000 JavaThread "Cache worker for file hash cache (C:\Videobook\Videobook (06-07-2021)\MyVideoBook\.gradle\6.1.1\fileHashes)" [_thread_blocked, id=2824, stack(0x000000001f130000,0x000000001f230000)]
  0x000000001a8d0800 JavaThread "Cache worker for checksums cache (C:\Videobook\Videobook (06-07-2021)\MyVideoBook\.gradle\checksums)" [_thread_blocked, id=10136, stack(0x000000001f030000,0x000000001f130000)]
  0x000000001a8d3800 JavaThread "Cache worker for file hash cache (C:\Gradle\gradle-6.8.3\caches\6.1.1\fileHashes)" [_thread_blocked, id=9736, stack(0x000000001c9d0000,0x000000001cad0000)]
  0x000000001a8d0000 JavaThread "File lock request listener" [_thread_in_native, id=9388, stack(0x000000001c8d0000,0x000000001c9d0000)]
  0x000000001a661000 JavaThread "Cache worker for journal cache (C:\Gradle\gradle-6.8.3\caches\journal-1)" [_thread_blocked, id=9908, stack(0x000000001c7d0000,0x000000001c8d0000)]
  0x000000001a653800 JavaThread "Thread-9" [_thread_blocked, id=6032, stack(0x000000001c4d0000,0x000000001c5d0000)]
  0x000000001a61e000 JavaThread "Stdin handler" [_thread_blocked, id=7696, stack(0x000000001c3d0000,0x000000001c4d0000)]
  0x000000001a5ff800 JavaThread "Asynchronous log dispatcher for DefaultDaemonConnection: socket connection from /127.0.0.1:62578 to /127.0.0.1:62579" [_thread_blocked, id=9596, stack(0x000000001c2d0000,0x000000001c3d0000)]
  0x000000001a63d000 JavaThread "Daemon worker" [_thread_in_native, id=10184, stack(0x000000001c1d0000,0x000000001c2d0000)]
  0x000000001a5b2000 JavaThread "Cancel handler" [_thread_blocked, id=10408, stack(0x000000001c0d0000,0x000000001c1d0000)]
  0x000000001a5aa000 JavaThread "Handler for socket connection from /127.0.0.1:62578 to /127.0.0.1:62579" [_thread_in_native, id=10380, stack(0x000000001bdd0000,0x000000001bed0000)]
  0x000000001a514800 JavaThread "Daemon" [_thread_blocked, id=11184, stack(0x000000001bcd0000,0x000000001bdd0000)]
  0x000000001a526000 JavaThread "Daemon periodic checks" [_thread_blocked, id=1308, stack(0x000000001bbd0000,0x000000001bcd0000)]
  0x000000001a524800 JavaThread "Incoming local TCP Connector on port 62578" [_thread_in_native, id=836, stack(0x000000001b990000,0x000000001ba90000)]
  0x000000001a4ea800 JavaThread "Daemon health stats" [_thread_blocked, id=3508, stack(0x000000001b350000,0x000000001b450000)]
  0x00000000185d0800 JavaThread "Service Thread" daemon [_thread_blocked, id=9316, stack(0x00000000189b0000,0x0000000018ab0000)]
  0x0000000016c72000 JavaThread "C1 CompilerThread2" daemon [_thread_blocked, id=9448, stack(0x00000000184b0000,0x00000000185b0000)]
  0x0000000016c6a000 JavaThread "C2 CompilerThread1" daemon [_thread_in_native, id=7828, stack(0x00000000183b0000,0x00000000184b0000)]
=>0x0000000016c63000 JavaThread "C2 CompilerThread0" daemon [_thread_in_native, id=3760, stack(0x00000000182b0000,0x00000000183b0000)]
  0x0000000016c61800 JavaThread "Attach Listener" daemon [_thread_blocked, id=3280, stack(0x00000000181b0000,0x00000000182b0000)]
  0x0000000016c60000 JavaThread "Signal Dispatcher" daemon [_thread_blocked, id=9792, stack(0x00000000180b0000,0x00000000181b0000)]
  0x00000000032eb000 JavaThread "Finalizer" daemon [_thread_blocked, id=11216, stack(0x0000000017eb0000,0x0000000017fb0000)]
  0x0000000016c49000 JavaThread "Reference Handler" daemon [_thread_blocked, id=5508, stack(0x0000000017db0000,0x0000000017eb0000)]
  0x00000000017dd800 JavaThread "main" [_thread_blocked, id=10064, stack(0x0000000003010000,0x0000000003110000)]

Other Threads:
  0x0000000016c26000 VMThread [stack: 0x0000000017cb0000,0x0000000017db0000] [id=11176]
  0x0000000016cbe000 WatcherThread [stack: 0x0000000018ab0000,0x0000000018bb0000] [id=11224]

VM state:not at safepoint (normal execution)

VM Mutex/Monitor currently owned by a thread: None

heap address: 0x00000000a0000000, size: 1536 MB, Compressed Oops mode: 32-bit
Narrow klass base: 0x0000000000000000, Narrow klass shift: 3
Compressed class space size: 1073741824 Address: 0x0000000100000000

Heap:
 PSYoungGen      total 138240K, used 124925K [0x00000000e0000000, 0x00000000f1d00000, 0x0000000100000000)
  eden space 133120K, 93% used [0x00000000e0000000,0x00000000e79ff778,0x00000000e8200000)
  from space 5120K, 0% used [0x00000000e8200000,0x00000000e8200000,0x00000000e8700000)
  to   space 12800K, 0% used [0x00000000f1080000,0x00000000f1080000,0x00000000f1d00000)
 ParOldGen       total 60416K, used 11649K [0x00000000a0000000, 0x00000000a3b00000, 0x00000000e0000000)
  object space 60416K, 19% used [0x00000000a0000000,0x00000000a0b60550,0x00000000a3b00000)
 Metaspace       used 31826K, capacity 32554K, committed 32816K, reserved 1077248K
  class space    used 4336K, capacity 4548K, committed 4656K, reserved 1048576K

Card table byte_map: [0x00000000126b0000,0x00000000129c0000] byte_map_base: 0x00000000121b0000

Marking Bits: (ParMarkBitMap*) 0x0000000053e2f030
 Begin Bits: [0x0000000012fc0000, 0x00000000147c0000)
 End Bits:   [0x00000000147c0000, 0x0000000015fc0000)

Polling page: 0x0000000001730000

CodeCache: size=245760Kb used=9591Kb max_used=9625Kb free=236168Kb
 bounds [0x00000000032f0000, 0x0000000003c70000, 0x00000000122f0000]
 total_blobs=3126 nmethods=2446 adapters=593
 compilation: enabled

Compilation events (10 events):
Event: 3.104 Thread 0x0000000016c72000 2449       3       com.google.common.collect.LinkedHashMultimap$ValueEntry::setSuccessorInMultimap (6 bytes)
Event: 3.104 Thread 0x0000000016c72000 nmethod 2449 0x0000000003c12b50 code [0x0000000003c12ca0, 0x0000000003c12e10]
Event: 3.108 Thread 0x0000000016c72000 2450       3       org.objectweb.asm.MethodWriter::visitLdcInsn (215 bytes)
Event: 3.109 Thread 0x0000000016c72000 nmethod 2450 0x0000000003c119d0 code [0x0000000003c11bc0, 0x0000000003c126b8]
Event: 3.109 Thread 0x0000000016c72000 2451       3       org.objectweb.asm.SymbolTable::addConstantString (8 bytes)
Event: 3.109 Thread 0x0000000016c72000 nmethod 2451 0x0000000003c11650 code [0x0000000003c117c0, 0x0000000003c11948]
Event: 3.110 Thread 0x0000000016c6a000 nmethod 2158 0x0000000003c43950 code [0x0000000003c443a0, 0x0000000003c50070]
Event: 3.111 Thread 0x0000000016c6a000 2371  s    4       sun.misc.URLClassPath::getNextLoader (88 bytes)
Event: 3.116 Thread 0x0000000016c72000 2452       3       sun.reflect.generics.reflectiveObjects.WildcardTypeImpl::getLowerBounds (72 bytes)
Event: 3.117 Thread 0x0000000016c72000 nmethod 2452 0x0000000003c10590 code [0x0000000003c10780, 0x0000000003c111f8]

GC Heap History (10 events):
Event: 0.806 GC heap before
{Heap before GC invocations=2 (full 0):
 PSYoungGen      total 38400K, used 37676K [0x00000000e0000000, 0x00000000e4b00000, 0x0000000100000000)
  eden space 33280K, 100% used [0x00000000e0000000,0x00000000e2080000,0x00000000e2080000)
  from space 5120K, 85% used [0x00000000e2080000,0x00000000e24cb2e8,0x00000000e2580000)
  to   space 5120K, 0% used [0x00000000e4600000,0x00000000e4600000,0x00000000e4b00000)
 ParOldGen       total 87552K, used 8K [0x00000000a0000000, 0x00000000a5580000, 0x00000000e0000000)
  object space 87552K, 0% used [0x00000000a0000000,0x00000000a0002000,0x00000000a5580000)
 Metaspace       used 7427K, capacity 7688K, committed 7936K, reserved 1056768K
  class space    used 912K, capacity 1008K, committed 1024K, reserved 1048576K
Event: 0.810 GC heap after
Heap after GC invocations=2 (full 0):
 PSYoungGen      total 71680K, used 3245K [0x00000000e0000000, 0x00000000e4b00000, 0x0000000100000000)
  eden space 66560K, 0% used [0x00000000e0000000,0x00000000e0000000,0x00000000e4100000)
  from space 5120K, 63% used [0x00000000e4600000,0x00000000e492b790,0x00000000e4b00000)
  to   space 5120K, 0% used [0x00000000e4100000,0x00000000e4100000,0x00000000e4600000)
 ParOldGen       total 87552K, used 16K [0x00000000a0000000, 0x00000000a5580000, 0x00000000e0000000)
  object space 87552K, 0% used [0x00000000a0000000,0x00000000a0004000,0x00000000a5580000)
 Metaspace       used 7427K, capacity 7688K, committed 7936K, reserved 1056768K
  class space    used 912K, capacity 1008K, committed 1024K, reserved 1048576K
}
Event: 1.603 GC heap before
{Heap before GC invocations=3 (full 0):
 PSYoungGen      total 71680K, used 69805K [0x00000000e0000000, 0x00000000e4b00000, 0x0000000100000000)
  eden space 66560K, 100% used [0x00000000e0000000,0x00000000e4100000,0x00000000e4100000)
  from space 5120K, 63% used [0x00000000e4600000,0x00000000e492b790,0x00000000e4b00000)
  to   space 5120K, 0% used [0x00000000e4100000,0x00000000e4100000,0x00000000e4600000)
 ParOldGen       total 87552K, used 16K [0x00000000a0000000, 0x00000000a5580000, 0x00000000e0000000)
  object space 87552K, 0% used [0x00000000a0000000,0x00000000a0004000,0x00000000a5580000)
 Metaspace       used 15038K, capacity 15472K, committed 15744K, reserved 1062912K
  class space    used 1989K, capacity 2112K, committed 2176K, reserved 1048576K
Event: 1.610 GC heap after
Heap after GC invocations=3 (full 0):
 PSYoungGen      total 71680K, used 5088K [0x00000000e0000000, 0x00000000e8c00000, 0x0000000100000000)
  eden space 66560K, 0% used [0x00000000e0000000,0x00000000e0000000,0x00000000e4100000)
  from space 5120K, 99% used [0x00000000e4100000,0x00000000e45f8020,0x00000000e4600000)
  to   space 5120K, 0% used [0x00000000e8700000,0x00000000e8700000,0x00000000e8c00000)
 ParOldGen       total 87552K, used 4219K [0x00000000a0000000, 0x00000000a5580000, 0x00000000e0000000)
  object space 87552K, 4% used [0x00000000a0000000,0x00000000a041ee10,0x00000000a5580000)
 Metaspace       used 15038K, capacity 15472K, committed 15744K, reserved 1062912K
  class space    used 1989K, capacity 2112K, committed 2176K, reserved 1048576K
}
Event: 2.104 GC heap before
{Heap before GC invocations=4 (full 0):
 PSYoungGen      total 71680K, used 71648K [0x00000000e0000000, 0x00000000e8c00000, 0x0000000100000000)
  eden space 66560K, 100% used [0x00000000e0000000,0x00000000e4100000,0x00000000e4100000)
  from space 5120K, 99% used [0x00000000e4100000,0x00000000e45f8020,0x00000000e4600000)
  to   space 5120K, 0% used [0x00000000e8700000,0x00000000e8700000,0x00000000e8c00000)
 ParOldGen       total 87552K, used 4219K [0x00000000a0000000, 0x00000000a5580000, 0x00000000e0000000)
  object space 87552K, 4% used [0x00000000a0000000,0x00000000a041ee10,0x00000000a5580000)
 Metaspace       used 20349K, capacity 20918K, committed 21248K, reserved 1067008K
  class space    used 2848K, capacity 3023K, committed 3072K, reserved 1048576K
Event: 2.114 GC heap after
Heap after GC invocations=4 (full 0):
 PSYoungGen      total 138240K, used 5108K [0x00000000e0000000, 0x00000000e8c00000, 0x0000000100000000)
  eden space 133120K, 0% used [0x00000000e0000000,0x00000000e0000000,0x00000000e8200000)
  from space 5120K, 99% used [0x00000000e8700000,0x00000000e8bfd040,0x00000000e8c00000)
  to   space 5120K, 0% used [0x00000000e8200000,0x00000000e8200000,0x00000000e8700000)
 ParOldGen       total 87552K, used 10687K [0x00000000a0000000, 0x00000000a5580000, 0x00000000e0000000)
  object space 87552K, 12% used [0x00000000a0000000,0x00000000a0a6fe80,0x00000000a5580000)
 Metaspace       used 20349K, capacity 20918K, committed 21248K, reserved 1067008K
  class space    used 2848K, capacity 3023K, committed 3072K, reserved 1048576K
}
Event: 2.147 GC heap before
{Heap before GC invocations=5 (full 0):
 PSYoungGen      total 138240K, used 12428K [0x00000000e0000000, 0x00000000e8c00000, 0x0000000100000000)
  eden space 133120K, 5% used [0x00000000e0000000,0x00000000e0726058,0x00000000e8200000)
  from space 5120K, 99% used [0x00000000e8700000,0x00000000e8bfd040,0x00000000e8c00000)
  to   space 5120K, 0% used [0x00000000e8200000,0x00000000e8200000,0x00000000e8700000)
 ParOldGen       total 87552K, used 10687K [0x00000000a0000000, 0x00000000a5580000, 0x00000000e0000000)
  object space 87552K, 12% used [0x00000000a0000000,0x00000000a0a6fe80,0x00000000a5580000)
 Metaspace       used 20655K, capacity 21174K, committed 21296K, reserved 1067008K
  class space    used 2901K, capacity 3087K, committed 3120K, reserved 1048576K
Event: 2.153 GC heap after
Heap after GC invocations=5 (full 0):
 PSYoungGen      total 138240K, used 5092K [0x00000000e0000000, 0x00000000f1d00000, 0x0000000100000000)
  eden space 133120K, 0% used [0x00000000e0000000,0x00000000e0000000,0x00000000e8200000)
  from space 5120K, 99% used [0x00000000e8200000,0x00000000e86f9050,0x00000000e8700000)
  to   space 12800K, 0% used [0x00000000f1080000,0x00000000f1080000,0x00000000f1d00000)
 ParOldGen       total 87552K, used 11110K [0x00000000a0000000, 0x00000000a5580000, 0x00000000e0000000)
  object space 87552K, 12% used [0x00000000a0000000,0x00000000a0ad9a18,0x00000000a5580000)
 Metaspace       used 20655K, capacity 21174K, committed 21296K, reserved 1067008K
  class space    used 2901K, capacity 3087K, committed 3120K, reserved 1048576K
}
Event: 2.153 GC heap before
{Heap before GC invocations=6 (full 1):
 PSYoungGen      total 138240K, used 5092K [0x00000000e0000000, 0x00000000f1d00000, 0x0000000100000000)
  eden space 133120K, 0% used [0x00000000e0000000,0x00000000e0000000,0x00000000e8200000)
  from space 5120K, 99% used [0x00000000e8200000,0x00000000e86f9050,0x00000000e8700000)
  to   space 12800K, 0% used [0x00000000f1080000,0x00000000f1080000,0x00000000f1d00000)
 ParOldGen       total 87552K, used 11110K [0x00000000a0000000, 0x00000000a5580000, 0x00000000e0000000)
  object space 87552K, 12% used [0x00000000a0000000,0x00000000a0ad9a18,0x00000000a5580000)
 Metaspace       used 20655K, capacity 21174K, committed 21296K, reserved 1067008K
  class space    used 2901K, capacity 3087K, committed 3120K, reserved 1048576K
Event: 2.188 GC heap after
Heap after GC invocations=6 (full 1):
 PSYoungGen      total 138240K, used 0K [0x00000000e0000000, 0x00000000f1d00000, 0x0000000100000000)
  eden space 133120K, 0% used [0x00000000e0000000,0x00000000e0000000,0x00000000e8200000)
  from space 5120K, 0% used [0x00000000e8200000,0x00000000e8200000,0x00000000e8700000)
  to   space 12800K, 0% used [0x00000000f1080000,0x00000000f1080000,0x00000000f1d00000)
 ParOldGen       total 60416K, used 11649K [0x00000000a0000000, 0x00000000a3b00000, 0x00000000e0000000)
  object space 60416K, 19% used [0x00000000a0000000,0x00000000a0b60550,0x00000000a3b00000)
 Metaspace       used 20655K, capacity 21174K, committed 21296K, reserved 1067008K
  class space    used 2901K, capacity 3087K, committed 3120K, reserved 1048576K
}

Deoptimization events (10 events):
Event: 2.631 Thread 0x000000001a63d000 Uncommon trap: reason=unstable_if action=reinterpret pc=0x00000000037e6cf4 method=java.lang.ClassLoader.getClassLoadingLock(Ljava/lang/String;)Ljava/lang/Object; @ 6
Event: 2.643 Thread 0x000000001a63d000 Uncommon trap: reason=class_check action=maybe_recompile pc=0x00000000039da4a8 method=sun.misc.URLClassPath.getLoader(I)Lsun/misc/URLClassPath$Loader; @ 239
Event: 2.643 Thread 0x000000001a63d000 Uncommon trap: reason=unstable_if action=reinterpret pc=0x00000000037dc378 method=java.lang.String.regionMatches(ZILjava/lang/String;II)Z @ 41
Event: 2.654 Thread 0x000000001a63d000 Uncommon trap: reason=class_check action=maybe_recompile pc=0x00000000039da4a8 method=sun.misc.URLClassPath.getLoader(I)Lsun/misc/URLClassPath$Loader; @ 239
Event: 2.824 Thread 0x000000001a63d000 Uncommon trap: reason=unstable_if action=reinterpret pc=0x000000000355c34c method=java.util.HashMap.getNode(ILjava/lang/Object;)Ljava/util/HashMap$Node; @ 53
Event: 2.824 Thread 0x000000001a63d000 Uncommon trap: reason=unstable_if action=reinterpret pc=0x0000000003607eb0 method=java.util.HashMap.hash(Ljava/lang/Object;)I @ 1
Event: 2.824 Thread 0x000000001a63d000 Uncommon trap: reason=unstable_if action=reinterpret pc=0x0000000003a18ee0 method=java.util.HashMap.putVal(ILjava/lang/Object;Ljava/lang/Object;ZZ)Ljava/lang/Object; @ 85
Event: 2.909 Thread 0x000000001a63d000 Uncommon trap: reason=unstable_if action=reinterpret pc=0x0000000003a20380 method=org.objectweb.asm.ByteVector.putShort(I)Lorg/objectweb/asm/ByteVector; @ 13
Event: 2.980 Thread 0x000000001a63d000 Uncommon trap: reason=class_check action=maybe_recompile pc=0x00000000039da17c method=sun.misc.URLClassPath.getLoader(I)Lsun/misc/URLClassPath$Loader; @ 94
Event: 2.985 Thread 0x000000001a63d000 Uncommon trap: reason=class_check action=maybe_recompile pc=0x00000000039f0edc method=sun.misc.URLClassPath.getLoader(I)Lsun/misc/URLClassPath$Loader; @ 239

Classes redefined (0 events):
No events

Internal exceptions (10 events):
Event: 3.044 Thread 0x000000001a63d000 Exception <a 'java/lang/ClassNotFoundException': org/gradle/api/internal/DefaultNamedDomainObjectCollectionBeanInfo> (0x00000000e69afa38) thrown at [C:\src\AOSP-openjdk-git\hotspot\src\share\vm\classfile\systemDictionary.cpp, line 210]
Event: 3.044 Thread 0x000000001a63d000 Exception <a 'java/lang/ClassNotFoundException': org/gradle/api/internal/DefaultDomainObjectCollectionBeanInfo> (0x00000000e69e54a0) thrown at [C:\src\AOSP-openjdk-git\hotspot\src\share\vm\classfile\systemDictionary.cpp, line 210]
Event: 3.044 Thread 0x000000001a63d000 Exception <a 'java/lang/ClassNotFoundException': java/util/AbstractCollectionBeanInfo> (0x00000000e69e9c70) thrown at [C:\src\AOSP-openjdk-git\hotspot\src\share\vm\classfile\systemDictionary.cpp, line 210]
Event: 3.044 Thread 0x000000001a63d000 Exception <a 'java/lang/ClassNotFoundException': java/util/AbstractCollectionCustomizer> (0x00000000e69ee3d8) thrown at [C:\src\AOSP-openjdk-git\hotspot\src\share\vm\classfile\systemDictionary.cpp, line 210]
Event: 3.046 Thread 0x000000001a63d000 Exception <a 'java/lang/ClassNotFoundException': org/gradle/api/internal/DefaultDomainObjectCollectionCustomizer> (0x00000000e6a2f740) thrown at [C:\src\AOSP-openjdk-git\hotspot\src\share\vm\classfile\systemDictionary.cpp, line 210]
Event: 3.047 Thread 0x000000001a63d000 Exception <a 'java/lang/ClassNotFoundException': org/gradle/api/internal/DefaultNamedDomainObjectCollectionCustomizer> (0x00000000e6a8f098) thrown at [C:\src\AOSP-openjdk-git\hotspot\src\share\vm\classfile\systemDictionary.cpp, line 210]
Event: 3.050 Thread 0x000000001a63d000 Exception <a 'java/lang/ClassNotFoundException': org/gradle/api/internal/DefaultNamedDomainObjectListCustomizer> (0x00000000e6b05338) thrown at [C:\src\AOSP-openjdk-git\hotspot\src\share\vm\classfile\systemDictionary.cpp, line 210]
Event: 3.052 Thread 0x000000001a63d000 Exception <a 'java/lang/ClassNotFoundException': org/gradle/api/internal/artifacts/DefaultArtifactRepositoryContainerCustomizer> (0x00000000e6b7cdd8) thrown at [C:\src\AOSP-openjdk-git\hotspot\src\share\vm\classfile\systemDictionary.cpp, line 210]
Event: 3.054 Thread 0x000000001a63d000 Exception <a 'java/lang/ClassNotFoundException': org/gradle/api/internal/artifacts/dsl/DefaultRepositoryHandlerCustomizer> (0x00000000e6be4c98) thrown at [C:\src\AOSP-openjdk-git\hotspot\src\share\vm\classfile\systemDictionary.cpp, line 210]
Event: 3.055 Thread 0x000000001a63d000 Exception <a 'java/lang/ClassNotFoundException': org/gradle/api/internal/artifacts/dsl/DefaultRepositoryHandler_DecoratedCustomizer> (0x00000000e6c68cc8) thrown at [C:\src\AOSP-openjdk-git\hotspot\src\share\vm\classfile\systemDictionary.cpp, line 210]

Events (10 events):
Event: 3.114 loading class org/gradle/api/specs/Specs$2
Event: 3.114 loading class org/gradle/api/specs/Specs$2 done
Event: 3.115 loading class org/gradle/api/internal/project/DefaultProjectStateRegistry$SafeExclusiveLockImpl
Event: 3.115 loading class org/gradle/api/internal/project/DefaultProjectStateRegistry$SafeExclusiveLockImpl done
Event: 3.115 loading class org/gradle/api/artifacts/ArtifactCollection
Event: 3.115 loading class org/gradle/api/artifacts/ArtifactCollection done
Event: 3.115 loading class org/gradle/api/internal/artifacts/configurations/DefaultConfiguration$ArtifactViewConfiguration
Event: 3.115 loading class org/gradle/api/internal/artifacts/configurations/DefaultConfiguration$ArtifactViewConfiguration done
Event: 3.116 loading class org/gradle/api/artifacts/ArtifactView$ViewConfiguration
Event: 3.116 loading class org/gradle/api/artifacts/ArtifactView$ViewConfiguration done


Dynamic libraries:
0x00007ff7007c0000 - 0x00007ff7007f1000 	C:\Program Files\Android\Android Studio2\jre\bin\java.exe
0x00007ffbe2fd0000 - 0x00007ffbe31c5000 	C:\WINDOWS\SYSTEM32\ntdll.dll
0x00007ffbe10d0000 - 0x00007ffbe118d000 	C:\WINDOWS\System32\KERNEL32.DLL
0x00007ffbe0850000 - 0x00007ffbe0b18000 	C:\WINDOWS\System32\KERNELBASE.dll
0x00007ffbe20a0000 - 0x00007ffbe214c000 	C:\WINDOWS\System32\ADVAPI32.dll
0x00007ffbe2ec0000 - 0x00007ffbe2f5e000 	C:\WINDOWS\System32\msvcrt.dll
0x00007ffbe1a30000 - 0x00007ffbe1acb000 	C:\WINDOWS\System32\sechost.dll
0x00007ffbe2880000 - 0x00007ffbe29ab000 	C:\WINDOWS\System32\RPCRT4.dll
0x00007ffbe21b0000 - 0x00007ffbe2350000 	C:\WINDOWS\System32\USER32.dll
0x00007ffbe0db0000 - 0x00007ffbe0dd2000 	C:\WINDOWS\System32\win32u.dll
0x00007ffbe2f60000 - 0x00007ffbe2f8a000 	C:\WINDOWS\System32\GDI32.dll
0x00007ffbe0de0000 - 0x00007ffbe0eeb000 	C:\WINDOWS\System32\gdi32full.dll
0x00007ffbe0c80000 - 0x00007ffbe0d1d000 	C:\WINDOWS\System32\msvcp_win.dll
0x00007ffbe0ef0000 - 0x00007ffbe0ff0000 	C:\WINDOWS\System32\ucrtbase.dll
0x00007ffbdfb60000 - 0x00007ffbdfdfa000 	C:\WINDOWS\WinSxS\amd64_microsoft.windows.common-controls_6595b64144ccf1df_6.0.19041.1052_none_60b8f8fd71f5e8cb\COMCTL32.dll
0x00007ffbe1fc0000 - 0x00007ffbe1ff0000 	C:\WINDOWS\System32\IMM32.DLL
0x0000000054300000 - 0x00000000543d2000 	C:\Program Files\Android\Android Studio2\jre\jre\bin\msvcr100.dll
0x0000000053660000 - 0x0000000053eab000 	C:\Program Files\Android\Android Studio2\jre\jre\bin\server\jvm.dll
0x00007ffbe2090000 - 0x00007ffbe2098000 	C:\WINDOWS\System32\PSAPI.DLL
0x00007ffbbc2d0000 - 0x00007ffbbc2d9000 	C:\WINDOWS\SYSTEM32\WSOCK32.dll
0x00007ffbd22f0000 - 0x00007ffbd2317000 	C:\WINDOWS\SYSTEM32\WINMM.dll
0x00007ffbe2000000 - 0x00007ffbe206b000 	C:\WINDOWS\System32\WS2_32.dll
0x00007ffbdadd0000 - 0x00007ffbdadda000 	C:\WINDOWS\SYSTEM32\VERSION.dll
0x00007ffbbabd0000 - 0x00007ffbbabdf000 	C:\Program Files\Android\Android Studio2\jre\jre\bin\verify.dll
0x00007ffbaf3a0000 - 0x00007ffbaf3c9000 	C:\Program Files\Android\Android Studio2\jre\jre\bin\java.dll
0x00007ffbab200000 - 0x00007ffbab216000 	C:\Program Files\Android\Android Studio2\jre\jre\bin\zip.dll
0x00007ffbe12f0000 - 0x00007ffbe1a2f000 	C:\WINDOWS\System32\SHELL32.dll
0x00007ffbde2c0000 - 0x00007ffbdea50000 	C:\WINDOWS\SYSTEM32\windows.storage.dll
0x00007ffbe1c50000 - 0x00007ffbe1fa5000 	C:\WINDOWS\System32\combase.dll
0x00007ffbdfac0000 - 0x00007ffbdfaec000 	C:\WINDOWS\SYSTEM32\Wldp.dll
0x00007ffbe1240000 - 0x00007ffbe12ee000 	C:\WINDOWS\System32\SHCORE.dll
0x00007ffbe1bf0000 - 0x00007ffbe1c45000 	C:\WINDOWS\System32\shlwapi.dll
0x00007ffbe06e0000 - 0x00007ffbe06ff000 	C:\WINDOWS\SYSTEM32\profapi.dll
0x00007ffbaf3d0000 - 0x00007ffbaf3ea000 	C:\Program Files\Android\Android Studio2\jre\jre\bin\net.dll
0x00007ffbdf820000 - 0x00007ffbdf88a000 	C:\WINDOWS\system32\mswsock.dll
0x00007ffbaf2a0000 - 0x00007ffbaf2b3000 	C:\Program Files\Android\Android Studio2\jre\jre\bin\nio.dll
0x00007ffbc2190000 - 0x00007ffbc21b6000 	C:\Gradle\gradle-6.8.3\native\31\windows-amd64\native-platform.dll
0x00007ffbaf290000 - 0x00007ffbaf29d000 	C:\Program Files\Android\Android Studio2\jre\jre\bin\management.dll
0x00007ffbe0460000 - 0x00007ffbe0478000 	C:\WINDOWS\SYSTEM32\CRYPTSP.dll
0x00007ffbdf1f0000 - 0x00007ffbdf224000 	C:\WINDOWS\system32\rsaenh.dll
0x00007ffbe1050000 - 0x00007ffbe1077000 	C:\WINDOWS\System32\bcrypt.dll
0x00007ffbe06a0000 - 0x00007ffbe06ce000 	C:\WINDOWS\SYSTEM32\USERENV.dll
0x00007ffbe0d20000 - 0x00007ffbe0da3000 	C:\WINDOWS\System32\bcryptprimitives.dll
0x00007ffbdfab0000 - 0x00007ffbdfabc000 	C:\WINDOWS\SYSTEM32\CRYPTBASE.dll
0x00007ffbdf520000 - 0x00007ffbdf55b000 	C:\WINDOWS\SYSTEM32\IPHLPAPI.DLL
0x00007ffbe1ff0000 - 0x00007ffbe1ff8000 	C:\WINDOWS\System32\NSI.dll
0x00007ffbda9b0000 - 0x00007ffbda9c7000 	C:\WINDOWS\SYSTEM32\dhcpcsvc6.DLL
0x00007ffbdad30000 - 0x00007ffbdad4d000 	C:\WINDOWS\SYSTEM32\dhcpcsvc.DLL
0x00007ffbdf560000 - 0x00007ffbdf62c000 	C:\WINDOWS\SYSTEM32\DNSAPI.dll
0x00007ffbdff30000 - 0x00007ffbe0114000 	C:\WINDOWS\SYSTEM32\dbghelp.dll

VM Arguments:
jvm_args: -Xmx1536m -Dfile.encoding=windows-1252 -Duser.country=US -Duser.language=en -Duser.variant 
java_command: org.gradle.launcher.daemon.bootstrap.GradleDaemon 6.1.1
java_class_path (initial): C:\Gradle\gradle-6.8.3\wrapper\dists\gradle-6.1.1-all\cfmwm155h49vnt3hynmlrsdst\gradle-6.1.1\lib\gradle-launcher-6.1.1.jar
Launcher Type: SUN_STANDARD

Environment Variables:
JAVA_HOME=C:\Program Files\Java\jdk-15.0.1
PATH=C:\Program Files\Common Files\Oracle\Java\javapath;C:\WINDOWS\system32;C:\WINDOWS;C:\WINDOWS\System32\Wbem;C:\WINDOWS\System32\WindowsPowerShell\v1.0\;C:\Program Files\Java\jdk-15.0.1\bin;C:\WINDOWS\System32\OpenSSH\;C:\Program Files\PuTTY\;C:\Users\om\AppData\Local\Microsoft\WindowsApps;;C:\Users\om\AppData\Local\Programs\Microsoft VS Code\bin
USERNAME=om
OS=Windows_NT
PROCESSOR_IDENTIFIER=Intel64 Family 6 Model 60 Stepping 3, GenuineIntel



---------------  S Y S T E M  ---------------

OS: Windows 10.0 , 64 bit Build 19041 (10.0.19041.1023)

CPU:total 4 (initial active 4) (4 cores per cpu, 1 threads per core) family 6 model 60 stepping 3, cmov, cx8, fxsr, mmx, sse, sse2, sse3, ssse3, sse4.1, sse4.2, popcnt, avx, avx2, aes, clmul, erms, lzcnt, tsc, tscinvbit, bmi1, bmi2

Memory: 4k page, physical 8298044k(3826764k free), swap 10395196k(5500580k free)

vm_info: OpenJDK 64-Bit Server VM (25.242-b01) for windows-amd64 JRE (1.8.0_242-release-1644-b01), built by "builder" with MS VC++ 10.0 (VS2010)

time: Sat Jul 10 15:36:24 2021
timezone: India Standard Time
elapsed time: 3 seconds (0d 0h 0m 3s)

