#
# A fatal error has been detected by the Java Runtime Environment:
#
#  EXCEPTION_ACCESS_VIOLATION (0xc0000005) at pc=0x00000000536eb7b0, pid=5848, tid=0x0000000000000af0
#
# JRE version: OpenJDK Runtime Environment (8.0_242-b01) (build 1.8.0_242-release-1644-b01)
# Java VM: OpenJDK 64-Bit Server VM (25.242-b01 mixed mode windows-amd64 compressed oops)
# Problematic frame:
# V  [jvm.dll+0x8b7b0]
#
# Failed to write core dump. Minidumps are not enabled by default on client versions of Windows
#
# If you would like to submit a bug report, please visit:
#   
#

---------------  T H R E A D  ---------------

Current thread (0x0000000002c88800):  GCTaskThread [stack: 0x0000000012740000,0x0000000012840000] [id=2800]

siginfo: ExceptionCode=0xc0000005, reading address 0x0000000107a81e00

Registers:
RAX=0x0000000012a40000, RBX=0x00000000e830cf88, RCX=0x00000000e830cf88, RDX=0x0000000107a81df8
RSP=0x000000001283f2b8, RBP=0x000000001283f450, RSI=0x000000001283fbc0, RDI=0x0000000002d5b140
R8 =0x0000000000000031, R9 =0x0000000000241867, R10=0x0000000000000aa6, R11=0x00000000e8501540
R12=0x000000001283fbf8, R13=0x000000001283fbc0, R14=0x0000000000000004, R15=0x0000000002c88800
RIP=0x00000000536eb7b0, EFLAGS=0x0000000000010202

Top of Stack: (sp=0x000000001283f2b8)
0x000000001283f2b8:   0000000053747837 0000000016da5570
0x000000001283f2c8:   000000001283f450 000000001283fbc0
0x000000001283f2d8:   000000000000000d 0000000002d5b140
0x000000001283f2e8:   000000005374e4c3 00000000e830cf88
0x000000001283f2f8:   0000000018756ac0 000000001283f450
0x000000001283f308:   000000001fafac80 000000001283fc10
0x000000001283f318:   000000005369ec5e 000000010013e410
0x000000001283f328:   000000001283f450 000000001283fc10
0x000000001283f338:   000000001283fbc0 000000001c221c78
0x000000001283f348:   000000005384c743 000000001f1af110
0x000000001283f358:   000000001283f560 000000001283f560
0x000000001283f368:   000000001bc0eff0 000000000000000a
0x000000001283f378:   000000001283fc00 0000000000000004
0x000000001283f388:   0000000000000004 000000001283f590
0x000000001283f398:   0000000002c88800 000000001283f5a0
0x000000001283f3a8:   000000001bc0eff0 0000000002c88800 

Instructions: (pc=0x00000000536eb7b0)
0x00000000536eb790:   1c 8f 1d 00 48 8b 9c 24 c0 00 00 00 48 81 c4 b0
0x00000000536eb7a0:   00 00 00 5d c3 cc cc cc cc cc cc cc cc cc cc cc
0x00000000536eb7b0:   44 8b 42 08 4c 8b ca 45 85 c0 7e 0e 41 f6 c0 01
0x00000000536eb7c0:   75 57 41 c1 f8 03 41 8b c0 c3 79 4d 80 3d 7e 97 


Register to memory mapping:

RAX=0x0000000012a40000 is an unknown value
RBX=0x00000000e830cf88 is an oop

[error occurred during error reporting (printing register info), id 0xc0000005]

Stack: [0x0000000012740000,0x0000000012840000],  sp=0x000000001283f2b8,  free space=1020k
Native frames: (J=compiled Java code, j=interpreted, Vv=VM code, C=native code)
V  [jvm.dll+0x8b7b0]

JavaThread 0x000000001a367000 (nid = 10556) was being processed
Java frames: (J=compiled Java code, j=interpreted, Vv=VM code)
j  sun.misc.Unsafe.park(ZJ)V+0
j  java.util.concurrent.locks.LockSupport.park(Ljava/lang/Object;)V+14
j  java.util.concurrent.locks.AbstractQueuedSynchronizer$ConditionObject.await()V+42
j  java.util.concurrent.ArrayBlockingQueue.take()Ljava/lang/Object;+20
j  org.gradle.cache.internal.CacheAccessWorker.takeFromQueue()Ljava/lang/Runnable;+4
j  org.gradle.cache.internal.CacheAccessWorker.run()V+17
j  org.gradle.internal.concurrent.ExecutorPolicy$CatchAndRecordFailures.onExecute(Ljava/lang/Runnable;)V+1
j  org.gradle.internal.concurrent.ManagedExecutorImpl$1.run()V+25
j  java.util.concurrent.ThreadPoolExecutor.runWorker(Ljava/util/concurrent/ThreadPoolExecutor$Worker;)V+95
j  java.util.concurrent.ThreadPoolExecutor$Worker.run()V+5
j  org.gradle.internal.concurrent.ThreadFactoryImpl$ManagedThreadRunnable.run()V+7
j  java.lang.Thread.run()V+11
v  ~StubRoutines::call_stub

---------------  P R O C E S S  ---------------

Java Threads: ( => current thread )
  0x000000001a367000 JavaThread "Cache worker for file hash cache (C:\Videobook\Videobook (06-07-2021)\MyVideoBook\.gradle\6.1.1\fileHashes)" [_thread_blocked, id=10556, stack(0x000000001f0b0000,0x000000001f1b0000)]
  0x000000001a366800 JavaThread "Cache worker for checksums cache (C:\Videobook\Videobook (06-07-2021)\MyVideoBook\.gradle\checksums)" [_thread_blocked, id=9372, stack(0x000000001efb0000,0x000000001f0b0000)]
  0x000000001a36a000 JavaThread "Cache worker for file hash cache (C:\Gradle\gradle-6.8.3\caches\6.1.1\fileHashes)" [_thread_blocked, id=3396, stack(0x000000001c560000,0x000000001c660000)]
  0x000000001a369800 JavaThread "File lock request listener" [_thread_in_native, id=8880, stack(0x000000001c460000,0x000000001c560000)]
  0x000000001a364800 JavaThread "Cache worker for journal cache (C:\Gradle\gradle-6.8.3\caches\journal-1)" [_thread_blocked, id=9624, stack(0x000000001c360000,0x000000001c460000)]
  0x000000001a1f3800 JavaThread "Thread-9" [_thread_blocked, id=9436, stack(0x000000001c060000,0x000000001c160000)]
  0x000000001a1f0800 JavaThread "Stdin handler" [_thread_blocked, id=9496, stack(0x000000001bf60000,0x000000001c060000)]
  0x000000001a1ee800 JavaThread "Asynchronous log dispatcher for DefaultDaemonConnection: socket connection from /127.0.0.1:62584 to /127.0.0.1:62585" [_thread_blocked, id=2360, stack(0x000000001be60000,0x000000001bf60000)]
  0x000000001a1e6000 JavaThread "Daemon worker" [_thread_blocked, id=9864, stack(0x000000001bd60000,0x000000001be60000)]
  0x000000001a1ed800 JavaThread "Cancel handler" [_thread_blocked, id=8752, stack(0x000000001bc60000,0x000000001bd60000)]
  0x0000000019f09000 JavaThread "Handler for socket connection from /127.0.0.1:62584 to /127.0.0.1:62585" [_thread_in_native, id=10200, stack(0x000000001b960000,0x000000001ba60000)]
  0x0000000019f08000 JavaThread "Daemon" [_thread_blocked, id=10396, stack(0x000000001b860000,0x000000001b960000)]
  0x000000001a1c1800 JavaThread "Daemon periodic checks" [_thread_blocked, id=9432, stack(0x000000001b760000,0x000000001b860000)]
  0x000000001a0c1800 JavaThread "Incoming local TCP Connector on port 62584" [_thread_in_native, id=10160, stack(0x000000001b520000,0x000000001b620000)]
  0x000000001a153800 JavaThread "Daemon health stats" [_thread_blocked, id=9236, stack(0x000000001aee0000,0x000000001afe0000)]
  0x0000000018160800 JavaThread "Service Thread" daemon [_thread_blocked, id=11164, stack(0x0000000018540000,0x0000000018640000)]
  0x00000000166f4800 JavaThread "C1 CompilerThread2" daemon [_thread_blocked, id=9368, stack(0x0000000018040000,0x0000000018140000)]
  0x00000000166ec000 JavaThread "C2 CompilerThread1" daemon [_thread_blocked, id=8396, stack(0x0000000017f40000,0x0000000018040000)]
  0x00000000166e9800 JavaThread "C2 CompilerThread0" daemon [_thread_blocked, id=3936, stack(0x0000000017e40000,0x0000000017f40000)]
  0x00000000166e8000 JavaThread "Attach Listener" daemon [_thread_blocked, id=10652, stack(0x0000000017d40000,0x0000000017e40000)]
  0x00000000166e6800 JavaThread "Signal Dispatcher" daemon [_thread_blocked, id=10440, stack(0x0000000017c40000,0x0000000017d40000)]
  0x0000000002d6c000 JavaThread "Finalizer" daemon [_thread_blocked, id=5072, stack(0x0000000017940000,0x0000000017a40000)]
  0x00000000166c9000 JavaThread "Reference Handler" daemon [_thread_blocked, id=8508, stack(0x0000000017840000,0x0000000017940000)]
  0x0000000002c6d800 JavaThread "main" [_thread_blocked, id=9520, stack(0x0000000002b00000,0x0000000002c00000)]

Other Threads:
  0x00000000166a6000 VMThread [stack: 0x0000000017740000,0x0000000017840000] [id=8980]
  0x000000001673e000 WatcherThread [stack: 0x0000000018640000,0x0000000018740000] [id=10152]

=>0x0000000002c88800 (exited) GCTaskThread [stack: 0x0000000012740000,0x0000000012840000] [id=2800]

VM state:at safepoint (normal execution)

VM Mutex/Monitor currently owned by a thread:  ([mutex/lock_event])
[0x0000000002c6c530] Threads_lock - owner thread: 0x00000000166a6000
[0x0000000002c6cab0] Heap_lock - owner thread: 0x000000001a1e6000

heap address: 0x00000000a0000000, size: 1536 MB, Compressed Oops mode: 32-bit
Narrow klass base: 0x0000000000000000, Narrow klass shift: 3
Compressed class space size: 1073741824 Address: 0x0000000100000000

Heap:
 PSYoungGen      total 138240K, used 5092K [0x00000000e0000000, 0x00000000f1e00000, 0x0000000100000000)
  eden space 133120K, 0% used [0x00000000e0000000,0x00000000e0000000,0x00000000e8200000)
  from space 5120K, 99% used [0x00000000e8200000,0x00000000e86f9050,0x00000000e8700000)
  to   space 13312K, 0% used [0x00000000f1100000,0x00000000f1100000,0x00000000f1e00000)
 ParOldGen       total 87552K, used 11357K [0x00000000a0000000, 0x00000000a5580000, 0x00000000e0000000)
  object space 87552K, 12% used [0x00000000a0000000,0x00000000a0b17728,0x00000000a5580000)
 Metaspace       used 20635K, capacity 21228K, committed 21296K, reserved 1067008K
  class space    used 2887K, capacity 3084K, committed 3120K, reserved 1048576K

Card table byte_map: [0x0000000012130000,0x0000000012440000] byte_map_base: 0x0000000011c30000

Marking Bits: (ParMarkBitMap*) 0x0000000053e2f030
 Begin Bits: [0x0000000012a40000, 0x0000000014240000)
 End Bits:   [0x0000000014240000, 0x0000000015a40000)

Polling page: 0x0000000002a50000

CodeCache: size=245760Kb used=6436Kb max_used=6451Kb free=239323Kb
 bounds [0x0000000002d70000, 0x00000000033d0000, 0x0000000011d70000]
 total_blobs=2236 nmethods=1810 adapters=339
 compilation: enabled

Compilation events (10 events):
Event: 2.090 Thread 0x00000000166ec000 nmethod 1807 0x00000000033b1790 code [0x00000000033b1920, 0x00000000033b2050]
Event: 2.090 Thread 0x00000000166f4800 nmethod 1809 0x00000000033b2350 code [0x00000000033b2620, 0x00000000033b3eb8]
Event: 2.091 Thread 0x00000000166f4800 1810       3       sun.reflect.NativeMethodAccessorImpl::<init> (10 bytes)
Event: 2.091 Thread 0x00000000166f4800 nmethod 1810 0x00000000033ae9d0 code [0x00000000033aeb40, 0x00000000033aedd0]
Event: 2.093 Thread 0x00000000166f4800 1811   !   3       org.gradle.internal.service.DefaultServiceRegistry$FactoryService::bind (325 bytes)
Event: 2.093 Thread 0x00000000166ec000 1813   !   4       java.util.concurrent.ConcurrentHashMap::putVal (362 bytes)
Event: 2.095 Thread 0x00000000166f4800 nmethod 1811 0x00000000033b49d0 code [0x00000000033b50a0, 0x00000000033b9b78]
Event: 2.095 Thread 0x00000000166f4800 1812       3       org.gradle.internal.service.DefaultServiceRegistry$FactoryMethodService::getParameterTypes (10 bytes)
Event: 2.095 Thread 0x00000000166f4800 nmethod 1812 0x00000000033ae590 code [0x00000000033ae6e0, 0x00000000033ae910]
Event: 2.098 Thread 0x00000000166e9800 nmethod 1806 0x00000000033bee50 code [0x00000000033bf020, 0x00000000033bff80]

GC Heap History (10 events):
Event: 0.570 GC heap after
Heap after GC invocations=1 (full 0):
 PSYoungGen      total 38400K, used 4345K [0x00000000e0000000, 0x00000000e4b00000, 0x0000000100000000)
  eden space 33280K, 0% used [0x00000000e0000000,0x00000000e0000000,0x00000000e2080000)
  from space 5120K, 84% used [0x00000000e2080000,0x00000000e24be778,0x00000000e2580000)
  to   space 5120K, 0% used [0x00000000e4600000,0x00000000e4600000,0x00000000e4b00000)
 ParOldGen       total 87552K, used 0K [0x00000000a0000000, 0x00000000a5580000, 0x00000000e0000000)
  object space 87552K, 0% used [0x00000000a0000000,0x00000000a0000000,0x00000000a5580000)
 Metaspace       used 7188K, capacity 7376K, committed 7680K, reserved 1056768K
  class space    used 883K, capacity 968K, committed 1024K, reserved 1048576K
}
Event: 0.765 GC heap before
{Heap before GC invocations=2 (full 0):
 PSYoungGen      total 38400K, used 37625K [0x00000000e0000000, 0x00000000e4b00000, 0x0000000100000000)
  eden space 33280K, 100% used [0x00000000e0000000,0x00000000e2080000,0x00000000e2080000)
  from space 5120K, 84% used [0x00000000e2080000,0x00000000e24be778,0x00000000e2580000)
  to   space 5120K, 0% used [0x00000000e4600000,0x00000000e4600000,0x00000000e4b00000)
 ParOldGen       total 87552K, used 0K [0x00000000a0000000, 0x00000000a5580000, 0x00000000e0000000)
  object space 87552K, 0% used [0x00000000a0000000,0x00000000a0000000,0x00000000a5580000)
 Metaspace       used 7430K, capacity 7688K, committed 7936K, reserved 1056768K
  class space    used 912K, capacity 1008K, committed 1024K, reserved 1048576K
Event: 0.768 GC heap after
Heap after GC invocations=2 (full 0):
 PSYoungGen      total 71680K, used 3325K [0x00000000e0000000, 0x00000000e4b00000, 0x0000000100000000)
  eden space 66560K, 0% used [0x00000000e0000000,0x00000000e0000000,0x00000000e4100000)
  from space 5120K, 64% used [0x00000000e4600000,0x00000000e493f780,0x00000000e4b00000)
  to   space 5120K, 0% used [0x00000000e4100000,0x00000000e4100000,0x00000000e4600000)
 ParOldGen       total 87552K, used 16K [0x00000000a0000000, 0x00000000a5580000, 0x00000000e0000000)
  object space 87552K, 0% used [0x00000000a0000000,0x00000000a0004000,0x00000000a5580000)
 Metaspace       used 7430K, capacity 7688K, committed 7936K, reserved 1056768K
  class space    used 912K, capacity 1008K, committed 1024K, reserved 1048576K
}
Event: 1.568 GC heap before
{Heap before GC invocations=3 (full 0):
 PSYoungGen      total 71680K, used 69885K [0x00000000e0000000, 0x00000000e4b00000, 0x0000000100000000)
  eden space 66560K, 100% used [0x00000000e0000000,0x00000000e4100000,0x00000000e4100000)
  from space 5120K, 64% used [0x00000000e4600000,0x00000000e493f780,0x00000000e4b00000)
  to   space 5120K, 0% used [0x00000000e4100000,0x00000000e4100000,0x00000000e4600000)
 ParOldGen       total 87552K, used 16K [0x00000000a0000000, 0x00000000a5580000, 0x00000000e0000000)
  object space 87552K, 0% used [0x00000000a0000000,0x00000000a0004000,0x00000000a5580000)
 Metaspace       used 15085K, capacity 15468K, committed 15744K, reserved 1062912K
  class space    used 1995K, capacity 2122K, committed 2176K, reserved 1048576K
Event: 1.576 GC heap after
Heap after GC invocations=3 (full 0):
 PSYoungGen      total 71680K, used 5104K [0x00000000e0000000, 0x00000000e8c00000, 0x0000000100000000)
  eden space 66560K, 0% used [0x00000000e0000000,0x00000000e0000000,0x00000000e4100000)
  from space 5120K, 99% used [0x00000000e4100000,0x00000000e45fc030,0x00000000e4600000)
  to   space 5120K, 0% used [0x00000000e8700000,0x00000000e8700000,0x00000000e8c00000)
 ParOldGen       total 87552K, used 4276K [0x00000000a0000000, 0x00000000a5580000, 0x00000000e0000000)
  object space 87552K, 4% used [0x00000000a0000000,0x00000000a042d0e8,0x00000000a5580000)
 Metaspace       used 15085K, capacity 15468K, committed 15744K, reserved 1062912K
  class space    used 1995K, capacity 2122K, committed 2176K, reserved 1048576K
}
Event: 2.074 GC heap before
{Heap before GC invocations=4 (full 0):
 PSYoungGen      total 71680K, used 71664K [0x00000000e0000000, 0x00000000e8c00000, 0x0000000100000000)
  eden space 66560K, 100% used [0x00000000e0000000,0x00000000e4100000,0x00000000e4100000)
  from space 5120K, 99% used [0x00000000e4100000,0x00000000e45fc030,0x00000000e4600000)
  to   space 5120K, 0% used [0x00000000e8700000,0x00000000e8700000,0x00000000e8c00000)
 ParOldGen       total 87552K, used 4276K [0x00000000a0000000, 0x00000000a5580000, 0x00000000e0000000)
  object space 87552K, 4% used [0x00000000a0000000,0x00000000a042d0e8,0x00000000a5580000)
 Metaspace       used 20481K, capacity 21068K, committed 21248K, reserved 1067008K
  class space    used 2864K, capacity 3052K, committed 3072K, reserved 1048576K
Event: 2.082 GC heap after
Heap after GC invocations=4 (full 0):
 PSYoungGen      total 138240K, used 5108K [0x00000000e0000000, 0x00000000e8c00000, 0x0000000100000000)
  eden space 133120K, 0% used [0x00000000e0000000,0x00000000e0000000,0x00000000e8200000)
  from space 5120K, 99% used [0x00000000e8700000,0x00000000e8bfd040,0x00000000e8c00000)
  to   space 5120K, 0% used [0x00000000e8200000,0x00000000e8200000,0x00000000e8700000)
 ParOldGen       total 87552K, used 11146K [0x00000000a0000000, 0x00000000a5580000, 0x00000000e0000000)
  object space 87552K, 12% used [0x00000000a0000000,0x00000000a0ae2b50,0x00000000a5580000)
 Metaspace       used 20481K, capacity 21068K, committed 21248K, reserved 1067008K
  class space    used 2864K, capacity 3052K, committed 3072K, reserved 1048576K
}
Event: 2.100 GC heap before
{Heap before GC invocations=5 (full 0):
 PSYoungGen      total 138240K, used 10559K [0x00000000e0000000, 0x00000000e8c00000, 0x0000000100000000)
  eden space 133120K, 4% used [0x00000000e0000000,0x00000000e0552cc0,0x00000000e8200000)
  from space 5120K, 99% used [0x00000000e8700000,0x00000000e8bfd040,0x00000000e8c00000)
  to   space 5120K, 0% used [0x00000000e8200000,0x00000000e8200000,0x00000000e8700000)
 ParOldGen       total 87552K, used 11146K [0x00000000a0000000, 0x00000000a5580000, 0x00000000e0000000)
  object space 87552K, 12% used [0x00000000a0000000,0x00000000a0ae2b50,0x00000000a5580000)
 Metaspace       used 20635K, capacity 21228K, committed 21296K, reserved 1067008K
  class space    used 2887K, capacity 3084K, committed 3120K, reserved 1048576K
Event: 2.105 GC heap after
Heap after GC invocations=5 (full 0):
 PSYoungGen      total 138240K, used 5092K [0x00000000e0000000, 0x00000000f1e00000, 0x0000000100000000)
  eden space 133120K, 0% used [0x00000000e0000000,0x00000000e0000000,0x00000000e8200000)
  from space 5120K, 99% used [0x00000000e8200000,0x00000000e86f9050,0x00000000e8700000)
  to   space 13312K, 0% used [0x00000000f1100000,0x00000000f1100000,0x00000000f1e00000)
 ParOldGen       total 87552K, used 11357K [0x00000000a0000000, 0x00000000a5580000, 0x00000000e0000000)
  object space 87552K, 12% used [0x00000000a0000000,0x00000000a0b17728,0x00000000a5580000)
 Metaspace       used 20635K, capacity 21228K, committed 21296K, reserved 1067008K
  class space    used 2887K, capacity 3084K, committed 3120K, reserved 1048576K
}
Event: 2.105 GC heap before
{Heap before GC invocations=6 (full 1):
 PSYoungGen      total 138240K, used 5092K [0x00000000e0000000, 0x00000000f1e00000, 0x0000000100000000)
  eden space 133120K, 0% used [0x00000000e0000000,0x00000000e0000000,0x00000000e8200000)
  from space 5120K, 99% used [0x00000000e8200000,0x00000000e86f9050,0x00000000e8700000)
  to   space 13312K, 0% used [0x00000000f1100000,0x00000000f1100000,0x00000000f1e00000)
 ParOldGen       total 87552K, used 11357K [0x00000000a0000000, 0x00000000a5580000, 0x00000000e0000000)
  object space 87552K, 12% used [0x00000000a0000000,0x00000000a0b17728,0x00000000a5580000)
 Metaspace       used 20635K, capacity 21228K, committed 21296K, reserved 1067008K
  class space    used 2887K, capacity 3084K, committed 3120K, reserved 1048576K

Deoptimization events (10 events):
Event: 1.893 Thread 0x000000001a1e6000 Uncommon trap: reason=unstable_if action=reinterpret pc=0x0000000003013380 method=java.net.URI.match(CJJ)Z @ 19
Event: 2.016 Thread 0x000000001a1e6000 Uncommon trap: reason=bimorphic action=maybe_recompile pc=0x0000000003281b04 method=java.lang.ClassLoader.loadClass(Ljava/lang/String;Z)Ljava/lang/Class; @ 38
Event: 2.019 Thread 0x000000001a1e6000 Uncommon trap: reason=bimorphic action=maybe_recompile pc=0x0000000003352e8c method=java.lang.ClassLoader.getPackage(Ljava/lang/String;)Ljava/lang/Package; @ 47
Event: 2.020 Thread 0x000000001a1e6000 Uncommon trap: reason=bimorphic action=maybe_recompile pc=0x0000000003281b04 method=java.lang.ClassLoader.loadClass(Ljava/lang/String;Z)Ljava/lang/Class; @ 38
Event: 2.020 Thread 0x000000001a1e6000 Uncommon trap: reason=bimorphic action=maybe_recompile pc=0x0000000003281b04 method=java.lang.ClassLoader.loadClass(Ljava/lang/String;Z)Ljava/lang/Class; @ 38
Event: 2.020 Thread 0x000000001a1e6000 Uncommon trap: reason=bimorphic action=maybe_recompile pc=0x0000000003281b04 method=java.lang.ClassLoader.loadClass(Ljava/lang/String;Z)Ljava/lang/Class; @ 38
Event: 2.021 Thread 0x000000001a1e6000 Uncommon trap: reason=bimorphic action=maybe_recompile pc=0x0000000003389bf4 method=java.lang.ClassLoader.getPackage(Ljava/lang/String;)Ljava/lang/Package; @ 47
Event: 2.021 Thread 0x000000001a1e6000 Uncommon trap: reason=unstable_if action=reinterpret pc=0x0000000003389918 method=java.net.URLClassLoader.getAndVerifyPackage(Ljava/lang/String;Ljava/util/jar/Manifest;Ljava/net/URL;)Ljava/lang/Package; @ 62
Event: 2.021 Thread 0x000000001a1e6000 Uncommon trap: reason=bimorphic action=maybe_recompile pc=0x0000000003352e8c method=java.lang.ClassLoader.getPackage(Ljava/lang/String;)Ljava/lang/Package; @ 47
Event: 2.021 Thread 0x000000001a1e6000 Uncommon trap: reason=unstable_if action=reinterpret pc=0x0000000003352b40 method=java.net.URLClassLoader.getAndVerifyPackage(Ljava/lang/String;Ljava/util/jar/Manifest;Ljava/net/URL;)Ljava/lang/Package; @ 62

Classes redefined (0 events):
No events

Internal exceptions (10 events):
Event: 2.023 Thread 0x000000001a1e6000 Exception <a 'java/lang/NoSuchMethodError': <clinit>> (0x00000000e3b716d0) thrown at [C:\src\AOSP-openjdk-git\hotspot\src\share\vm\prims\jni.cpp, line 1615]
Event: 2.036 Thread 0x000000001a1e6000 Exception <a 'java/lang/NoSuchMethodError': <clinit>> (0x00000000e3bcf0f8) thrown at [C:\src\AOSP-openjdk-git\hotspot\src\share\vm\prims\jni.cpp, line 1615]
Event: 2.037 Thread 0x000000001a1e6000 Exception <a 'java/lang/NoSuchMethodError': <clinit>> (0x00000000e3bdce08) thrown at [C:\src\AOSP-openjdk-git\hotspot\src\share\vm\prims\jni.cpp, line 1615]
Event: 2.045 Thread 0x000000001a1e6000 Exception <a 'java/lang/NoSuchMethodError': <clinit>> (0x00000000e3d04d18) thrown at [C:\src\AOSP-openjdk-git\hotspot\src\share\vm\prims\jni.cpp, line 1615]
Event: 2.045 Thread 0x000000001a1e6000 Exception <a 'java/lang/NoSuchMethodError': <clinit>> (0x00000000e3d08dc0) thrown at [C:\src\AOSP-openjdk-git\hotspot\src\share\vm\prims\jni.cpp, line 1615]
Event: 2.046 Thread 0x000000001a1e6000 Exception <a 'java/lang/NoSuchMethodError': <clinit>> (0x00000000e3d0a6f8) thrown at [C:\src\AOSP-openjdk-git\hotspot\src\share\vm\prims\jni.cpp, line 1615]
Event: 2.046 Thread 0x000000001a1e6000 Exception <a 'java/lang/NoSuchMethodError': <clinit>> (0x00000000e3d0bba8) thrown at [C:\src\AOSP-openjdk-git\hotspot\src\share\vm\prims\jni.cpp, line 1615]
Event: 2.046 Thread 0x000000001a1e6000 Exception <a 'java/lang/NoSuchMethodError': <clinit>> (0x00000000e3d0d2a8) thrown at [C:\src\AOSP-openjdk-git\hotspot\src\share\vm\prims\jni.cpp, line 1615]
Event: 2.046 Thread 0x000000001a1e6000 Exception <a 'java/lang/NoSuchMethodError': <clinit>> (0x00000000e3d0e858) thrown at [C:\src\AOSP-openjdk-git\hotspot\src\share\vm\prims\jni.cpp, line 1615]
Event: 2.046 Thread 0x000000001a1e6000 Exception <a 'java/lang/NoSuchMethodError': <clinit>> (0x00000000e3d0fca8) thrown at [C:\src\AOSP-openjdk-git\hotspot\src\share\vm\prims\jni.cpp, line 1615]

Events (10 events):
Event: 2.098 loading class org/gradle/vcs/internal/resolver/PersistentVcsMetadataCache$VersionRefSerializer done
Event: 2.098 loading class org/gradle/vcs/internal/VersionRef
Event: 2.098 loading class org/gradle/vcs/internal/VersionRef done
Event: 2.099 loading class org/gradle/vcs/internal/resolver/DefaultVcsVersionWorkingDirResolver
Event: 2.099 loading class org/gradle/vcs/internal/resolver/DefaultVcsVersionWorkingDirResolver done
Event: 2.099 loading class org/gradle/vcs/internal/resolver/OncePerBuildInvocationVcsVersionWorkingDirResolver
Event: 2.099 loading class org/gradle/vcs/internal/resolver/OncePerBuildInvocationVcsVersionWorkingDirResolver done
Event: 2.100 loading class org/gradle/internal/resolve/ModuleVersionNotFoundException
Event: 2.100 loading class org/gradle/internal/resolve/ModuleVersionNotFoundException done
Event: 2.100 Executing VM operation: CollectForMetadataAllocation


Dynamic libraries:
0x00007ff7007c0000 - 0x00007ff7007f1000 	C:\Program Files\Android\Android Studio2\jre\bin\java.exe
0x00007ffbe2fd0000 - 0x00007ffbe31c5000 	C:\WINDOWS\SYSTEM32\ntdll.dll
0x00007ffbe10d0000 - 0x00007ffbe118d000 	C:\WINDOWS\System32\KERNEL32.DLL
0x00007ffbe0850000 - 0x00007ffbe0b18000 	C:\WINDOWS\System32\KERNELBASE.dll
0x00007ffbe20a0000 - 0x00007ffbe214c000 	C:\WINDOWS\System32\ADVAPI32.dll
0x00007ffbe2ec0000 - 0x00007ffbe2f5e000 	C:\WINDOWS\System32\msvcrt.dll
0x00007ffbe1a30000 - 0x00007ffbe1acb000 	C:\WINDOWS\System32\sechost.dll
0x00007ffbe2880000 - 0x00007ffbe29ab000 	C:\WINDOWS\System32\RPCRT4.dll
0x00007ffbe21b0000 - 0x00007ffbe2350000 	C:\WINDOWS\System32\USER32.dll
0x00007ffbe0db0000 - 0x00007ffbe0dd2000 	C:\WINDOWS\System32\win32u.dll
0x00007ffbe2f60000 - 0x00007ffbe2f8a000 	C:\WINDOWS\System32\GDI32.dll
0x00007ffbe0de0000 - 0x00007ffbe0eeb000 	C:\WINDOWS\System32\gdi32full.dll
0x00007ffbe0c80000 - 0x00007ffbe0d1d000 	C:\WINDOWS\System32\msvcp_win.dll
0x00007ffbe0ef0000 - 0x00007ffbe0ff0000 	C:\WINDOWS\System32\ucrtbase.dll
0x00007ffbdfb60000 - 0x00007ffbdfdfa000 	C:\WINDOWS\WinSxS\amd64_microsoft.windows.common-controls_6595b64144ccf1df_6.0.19041.1052_none_60b8f8fd71f5e8cb\COMCTL32.dll
0x00007ffbe1fc0000 - 0x00007ffbe1ff0000 	C:\WINDOWS\System32\IMM32.DLL
0x0000000054300000 - 0x00000000543d2000 	C:\Program Files\Android\Android Studio2\jre\jre\bin\msvcr100.dll
0x0000000053660000 - 0x0000000053eab000 	C:\Program Files\Android\Android Studio2\jre\jre\bin\server\jvm.dll
0x00007ffbe2090000 - 0x00007ffbe2098000 	C:\WINDOWS\System32\PSAPI.DLL
0x00007ffbbc2d0000 - 0x00007ffbbc2d9000 	C:\WINDOWS\SYSTEM32\WSOCK32.dll
0x00007ffbd22f0000 - 0x00007ffbd2317000 	C:\WINDOWS\SYSTEM32\WINMM.dll
0x00007ffbe2000000 - 0x00007ffbe206b000 	C:\WINDOWS\System32\WS2_32.dll
0x00007ffbdadd0000 - 0x00007ffbdadda000 	C:\WINDOWS\SYSTEM32\VERSION.dll
0x00007ffbbabd0000 - 0x00007ffbbabdf000 	C:\Program Files\Android\Android Studio2\jre\jre\bin\verify.dll
0x00007ffbaf3a0000 - 0x00007ffbaf3c9000 	C:\Program Files\Android\Android Studio2\jre\jre\bin\java.dll
0x00007ffbab200000 - 0x00007ffbab216000 	C:\Program Files\Android\Android Studio2\jre\jre\bin\zip.dll
0x00007ffbe12f0000 - 0x00007ffbe1a2f000 	C:\WINDOWS\System32\SHELL32.dll
0x00007ffbde2c0000 - 0x00007ffbdea50000 	C:\WINDOWS\SYSTEM32\windows.storage.dll
0x00007ffbe1c50000 - 0x00007ffbe1fa5000 	C:\WINDOWS\System32\combase.dll
0x00007ffbdfac0000 - 0x00007ffbdfaec000 	C:\WINDOWS\SYSTEM32\Wldp.dll
0x00007ffbe1240000 - 0x00007ffbe12ee000 	C:\WINDOWS\System32\SHCORE.dll
0x00007ffbe1bf0000 - 0x00007ffbe1c45000 	C:\WINDOWS\System32\shlwapi.dll
0x00007ffbe06e0000 - 0x00007ffbe06ff000 	C:\WINDOWS\SYSTEM32\profapi.dll
0x00007ffbaf3d0000 - 0x00007ffbaf3ea000 	C:\Program Files\Android\Android Studio2\jre\jre\bin\net.dll
0x00007ffbdf820000 - 0x00007ffbdf88a000 	C:\WINDOWS\system32\mswsock.dll
0x00007ffbaf2a0000 - 0x00007ffbaf2b3000 	C:\Program Files\Android\Android Studio2\jre\jre\bin\nio.dll
0x00007ffbc2190000 - 0x00007ffbc21b6000 	C:\Gradle\gradle-6.8.3\native\31\windows-amd64\native-platform.dll
0x00007ffbaf290000 - 0x00007ffbaf29d000 	C:\Program Files\Android\Android Studio2\jre\jre\bin\management.dll
0x00007ffbe0460000 - 0x00007ffbe0478000 	C:\WINDOWS\SYSTEM32\CRYPTSP.dll
0x00007ffbdf1f0000 - 0x00007ffbdf224000 	C:\WINDOWS\system32\rsaenh.dll
0x00007ffbe1050000 - 0x00007ffbe1077000 	C:\WINDOWS\System32\bcrypt.dll
0x00007ffbe06a0000 - 0x00007ffbe06ce000 	C:\WINDOWS\SYSTEM32\USERENV.dll
0x00007ffbe0d20000 - 0x00007ffbe0da3000 	C:\WINDOWS\System32\bcryptprimitives.dll
0x00007ffbdfab0000 - 0x00007ffbdfabc000 	C:\WINDOWS\SYSTEM32\CRYPTBASE.dll
0x00007ffbdf520000 - 0x00007ffbdf55b000 	C:\WINDOWS\SYSTEM32\IPHLPAPI.DLL
0x00007ffbe1ff0000 - 0x00007ffbe1ff8000 	C:\WINDOWS\System32\NSI.dll
0x00007ffbda9b0000 - 0x00007ffbda9c7000 	C:\WINDOWS\SYSTEM32\dhcpcsvc6.DLL
0x00007ffbdad30000 - 0x00007ffbdad4d000 	C:\WINDOWS\SYSTEM32\dhcpcsvc.DLL
0x00007ffbdf560000 - 0x00007ffbdf62c000 	C:\WINDOWS\SYSTEM32\DNSAPI.dll
0x00007ffbdff30000 - 0x00007ffbe0114000 	C:\WINDOWS\SYSTEM32\dbghelp.dll

VM Arguments:
jvm_args: -Xmx1536m -Dfile.encoding=windows-1252 -Duser.country=US -Duser.language=en -Duser.variant 
java_command: org.gradle.launcher.daemon.bootstrap.GradleDaemon 6.1.1
java_class_path (initial): C:\Gradle\gradle-6.8.3\wrapper\dists\gradle-6.1.1-all\cfmwm155h49vnt3hynmlrsdst\gradle-6.1.1\lib\gradle-launcher-6.1.1.jar
Launcher Type: SUN_STANDARD

Environment Variables:
JAVA_HOME=C:\Program Files\Java\jdk-15.0.1
PATH=C:\Program Files\Common Files\Oracle\Java\javapath;C:\WINDOWS\system32;C:\WINDOWS;C:\WINDOWS\System32\Wbem;C:\WINDOWS\System32\WindowsPowerShell\v1.0\;C:\Program Files\Java\jdk-15.0.1\bin;C:\WINDOWS\System32\OpenSSH\;C:\Program Files\PuTTY\;C:\Users\om\AppData\Local\Microsoft\WindowsApps;;C:\Users\om\AppData\Local\Programs\Microsoft VS Code\bin
USERNAME=om
OS=Windows_NT
PROCESSOR_IDENTIFIER=Intel64 Family 6 Model 60 Stepping 3, GenuineIntel



---------------  S Y S T E M  ---------------

OS: Windows 10.0 , 64 bit Build 19041 (10.0.19041.1023)

CPU:total 4 (initial active 4) (4 cores per cpu, 1 threads per core) family 6 model 60 stepping 3, cmov, cx8, fxsr, mmx, sse, sse2, sse3, ssse3, sse4.1, sse4.2, popcnt, avx, avx2, aes, clmul, erms, lzcnt, tsc, tscinvbit, bmi1, bmi2

Memory: 4k page, physical 8298044k(3891184k free), swap 10395196k(5493720k free)

vm_info: OpenJDK 64-Bit Server VM (25.242-b01) for windows-amd64 JRE (1.8.0_242-release-1644-b01), built by "builder" with MS VC++ 10.0 (VS2010)

time: Sat Jul 10 15:36:29 2021
timezone: India Standard Time
elapsed time: 2 seconds (0d 0h 0m 2s)

