#
# A fatal error has been detected by the Java Runtime Environment:
#
#  EXCEPTION_ACCESS_VIOLATION (0xc0000005) at pc=0x00000000536fc1ff, pid=10656, tid=0x0000000000002594
#
# JRE version: OpenJDK Runtime Environment (8.0_242-b01) (build 1.8.0_242-release-1644-b01)
# Java VM: OpenJDK 64-Bit Server VM (25.242-b01 mixed mode windows-amd64 compressed oops)
# Problematic frame:
# V  [jvm.dll+0x9c1ff]
#
# Failed to write core dump. Minidumps are not enabled by default on client versions of Windows
#
# If you would like to submit a bug report, please visit:
#   
#

---------------  T H R E A D  ---------------

Current thread (0x000000001a0b3000):  JavaThread "Daemon worker" [_thread_in_vm, id=9620, stack(0x000000001b820000,0x000000001b920000)]

siginfo: ExceptionCode=0xc0000005, reading address 0x000000000000009c

Registers:
RAX=0x0000000000000000, RBX=0x0000000018ad5588, RCX=0x0000000000000000, RDX=0x000000001a6624a0
RSP=0x000000001b917380, RBP=0x0000000000000000, RSI=0x000000001b917450, RDI=0x000000001a0b3000
R8 =0x000000001a667260, R9 =0x000000001a6624a0, R10=0x000000001a6550c0, R11=0x0000000000000000
R12=0x000000001b917490, R13=0x0000000000000003, R14=0x000000001b917440, R15=0x000000001a667260
RIP=0x00000000536fc1ff, EFLAGS=0x0000000000010297

Top of Stack: (sp=0x000000001b917380)
0x000000001b917380:   0000000000000000 000000001a0b3000
0x000000001b917390:   000000001b917490 000000001b9173c0
0x000000001b9173a0:   0000000017be26e8 0000000000000000
0x000000001b9173b0:   0000000000000007 000000001a0b3000
0x000000001b9173c0:   000000001a6624a0 000000001a0b3000
0x000000001b9173d0:   00000000a010e780 000000001a0b3000
0x000000001b9173e0:   000000001b9174c8 0000000000000000
0x000000001b9173f0:   0000000000000003 000000001a00a7e0
0x000000001b917400:   000000001a6550c0 00000000536ece07
0x000000001b917410:   000000001a0b3000 0000000000000000
0x000000001b917420:   000000001a6550c0 000000001b9175a0
0x000000001b917430:   0000000000000000 000000001a0b3000
0x000000001b917440:   0000000000000000 0000000000000000
0x000000001b917450:   000000001a6550c0 000000001a0b3000
0x000000001b917460:   000000001a0b3000 0000000000000000
0x000000001b917470:   000000001ca92500 0000000000000000 

Instructions: (pc=0x00000000536fc1ff)
0x00000000536fc1df:   8b 14 24 c6 44 24 30 01 49 8b ce c6 44 24 28 01
0x00000000536fc1ef:   48 89 5c 24 20 e8 17 e0 ff ff eb 4f 49 8b 04 24
0x00000000536fc1ff:   8b 88 9c 00 00 00 c1 e9 09 f6 c1 01 49 8b ce 75
0x00000000536fc20f:   19 c6 44 24 30 00 48 8b d0 c6 44 24 28 01 48 89 


Register to memory mapping:

RAX=0x0000000000000000 is an unknown value
RBX=0x0000000018ad5588 is an unknown value
RCX=0x0000000000000000 is an unknown value
RDX=0x000000001a6624a0 is an unknown value
RSP=0x000000001b917380 is pointing into the stack for thread: 0x000000001a0b3000
RBP=0x0000000000000000 is an unknown value
RSI=0x000000001b917450 is pointing into the stack for thread: 0x000000001a0b3000
RDI=0x000000001a0b3000 is a thread
R8 =0x000000001a667260 is an unknown value
R9 =0x000000001a6624a0 is an unknown value
R10=0x000000001a6550c0 is an unknown value
R11=0x0000000000000000 is an unknown value
R12=0x000000001b917490 is pointing into the stack for thread: 0x000000001a0b3000
R13=0x0000000000000003 is an unknown value
R14=0x000000001b917440 is pointing into the stack for thread: 0x000000001a0b3000
R15=0x000000001a667260 is an unknown value


Stack: [0x000000001b820000,0x000000001b920000],  sp=0x000000001b917380,  free space=988k
Native frames: (J=compiled Java code, j=interpreted, Vv=VM code, C=native code)

Java frames: (J=compiled Java code, j=interpreted, Vv=VM code)
v  ~RuntimeStub::resolve_static_call

[error occurred during error reporting (printing Java stack), id 0xc0000005]


---------------  P R O C E S S  ---------------

Java Threads: ( => current thread )
  0x000000001f381800 JavaThread "Cache worker for Build Output Cleanup Cache (C:\Videobook\Videobook (06-07-2021)\MyVideoBook\.gradle\buildOutputCleanup)" [_thread_blocked, id=11156, stack(0x0000000022380000,0x0000000022480000)]
  0x000000001f37f000 JavaThread "Build operations Thread 4" [_thread_blocked, id=2028, stack(0x0000000020cb0000,0x0000000020db0000)]
  0x000000001f37b800 JavaThread "Build operations Thread 3" [_thread_blocked, id=10764, stack(0x0000000020bb0000,0x0000000020cb0000)]
  0x000000001f37e800 JavaThread "Build operations Thread 2" [_thread_blocked, id=9120, stack(0x0000000020ab0000,0x0000000020bb0000)]
  0x000000001f37d800 JavaThread "Build operations" [_thread_blocked, id=11060, stack(0x0000000020700000,0x0000000020800000)]
  0x000000001a131800 JavaThread "Cache worker for execution history cache (C:\Gradle\gradle-6.8.3\caches\6.1.1\executionHistory)" [_thread_blocked, id=9800, stack(0x000000001fc00000,0x000000001fd00000)]
  0x000000001a135800 JavaThread "Cache worker for cache directory md-rule (C:\Gradle\gradle-6.8.3\caches\6.1.1\md-rule)" [_thread_blocked, id=10176, stack(0x000000001e860000,0x000000001e960000)]
  0x000000001a137800 JavaThread "Cache worker for cache directory md-supplier (C:\Gradle\gradle-6.8.3\caches\6.1.1\md-supplier)" [_thread_blocked, id=10980, stack(0x000000001e4c0000,0x000000001e5c0000)]
  0x000000001a134800 JavaThread "Cache worker for file hash cache (C:\Videobook\Videobook (06-07-2021)\MyVideoBook\.gradle\6.1.1\fileHashes)" [_thread_blocked, id=11232, stack(0x000000001e760000,0x000000001e860000)]
  0x000000001a133000 JavaThread "Cache worker for checksums cache (C:\Videobook\Videobook (06-07-2021)\MyVideoBook\.gradle\checksums)" [_thread_blocked, id=8480, stack(0x000000001e660000,0x000000001e760000)]
  0x000000001a132800 JavaThread "Cache worker for file hash cache (C:\Gradle\gradle-6.8.3\caches\6.1.1\fileHashes)" [_thread_blocked, id=2920, stack(0x000000001c020000,0x000000001c120000)]
  0x000000001a134000 JavaThread "File lock request listener" [_thread_in_native, id=8180, stack(0x000000001bf20000,0x000000001c020000)]
  0x000000001a100000 JavaThread "Cache worker for journal cache (C:\Gradle\gradle-6.8.3\caches\journal-1)" [_thread_blocked, id=6380, stack(0x000000001be20000,0x000000001bf20000)]
  0x000000001a08c000 JavaThread "Thread-9" [_thread_blocked, id=9560, stack(0x000000001bb20000,0x000000001bc20000)]
  0x000000001a08b000 JavaThread "Stdin handler" [_thread_blocked, id=9124, stack(0x000000001ba20000,0x000000001bb20000)]
  0x000000001a08a000 JavaThread "Asynchronous log dispatcher for DefaultDaemonConnection: socket connection from /127.0.0.1:62572 to /127.0.0.1:62573" [_thread_blocked, id=1400, stack(0x000000001b920000,0x000000001ba20000)]
=>0x000000001a0b3000 JavaThread "Daemon worker" [_thread_in_vm, id=9620, stack(0x000000001b820000,0x000000001b920000)]
  0x000000001a0ad800 JavaThread "Cancel handler" [_thread_blocked, id=10228, stack(0x000000001b720000,0x000000001b820000)]
  0x000000001a09b800 JavaThread "Handler for socket connection from /127.0.0.1:62572 to /127.0.0.1:62573" [_thread_in_native, id=10500, stack(0x000000001b420000,0x000000001b520000)]
  0x0000000019ff3000 JavaThread "Daemon" [_thread_blocked, id=11084, stack(0x000000001b320000,0x000000001b420000)]
  0x000000001a061800 JavaThread "Daemon periodic checks" [_thread_blocked, id=7232, stack(0x000000001b220000,0x000000001b320000)]
  0x0000000019ff0800 JavaThread "Incoming local TCP Connector on port 62572" [_thread_in_native, id=4424, stack(0x00000000182b0000,0x00000000183b0000)]
  0x0000000018410800 JavaThread "Daemon health stats" [_thread_blocked, id=9380, stack(0x00000000181b0000,0x00000000182b0000)]
  0x0000000017be0800 JavaThread "Service Thread" daemon [_thread_blocked, id=10140, stack(0x0000000017fb0000,0x00000000180b0000)]
  0x000000001617a800 JavaThread "C1 CompilerThread2" daemon [_thread_blocked, id=4804, stack(0x0000000017ab0000,0x0000000017bb0000)]
  0x000000001616b000 JavaThread "C2 CompilerThread1" daemon [_thread_in_native, id=9548, stack(0x00000000179b0000,0x0000000017ab0000)]
  0x0000000016163000 JavaThread "C2 CompilerThread0" daemon [_thread_in_native, id=3040, stack(0x00000000178b0000,0x00000000179b0000)]
  0x0000000016161800 JavaThread "Attach Listener" daemon [_thread_blocked, id=3576, stack(0x00000000177b0000,0x00000000178b0000)]
  0x0000000016160000 JavaThread "Signal Dispatcher" daemon [_thread_blocked, id=8748, stack(0x00000000176b0000,0x00000000177b0000)]
  0x000000000275b000 JavaThread "Finalizer" daemon [_thread_blocked, id=5736, stack(0x00000000173b0000,0x00000000174b0000)]
  0x0000000016149000 JavaThread "Reference Handler" daemon [_thread_blocked, id=10648, stack(0x00000000172b0000,0x00000000173b0000)]
  0x00000000027ed800 JavaThread "main" [_thread_blocked, id=9672, stack(0x00000000024e0000,0x00000000025e0000)]

Other Threads:
  0x0000000016126000 VMThread [stack: 0x00000000171b0000,0x00000000172b0000] [id=10124]
  0x00000000161be000 WatcherThread [stack: 0x00000000180b0000,0x00000000181b0000] [id=10628]

VM state:not at safepoint (normal execution)

VM Mutex/Monitor currently owned by a thread: None

heap address: 0x00000000a0000000, size: 1536 MB, Compressed Oops mode: 32-bit
Narrow klass base: 0x0000000000000000, Narrow klass shift: 3
Compressed class space size: 1073741824 Address: 0x0000000100000000

Heap:
 PSYoungGen      total 139776K, used 107137K [0x00000000e0000000, 0x00000000ed900000, 0x0000000100000000)
  eden space 128000K, 83% used [0x00000000e0000000,0x00000000e68a07a0,0x00000000e7d00000)
  from space 11776K, 0% used [0x00000000e7d00000,0x00000000e7d00000,0x00000000e8880000)
  to   space 13312K, 0% used [0x00000000ecc00000,0x00000000ecc00000,0x00000000ed900000)
 ParOldGen       total 65024K, used 18245K [0x00000000a0000000, 0x00000000a3f80000, 0x00000000e0000000)
  object space 65024K, 28% used [0x00000000a0000000,0x00000000a11d1610,0x00000000a3f80000)
 Metaspace       used 43212K, capacity 44720K, committed 44976K, reserved 1087488K
  class space    used 5855K, capacity 6260K, committed 6320K, reserved 1048576K

Card table byte_map: [0x0000000011bb0000,0x0000000011ec0000] byte_map_base: 0x00000000116b0000

Marking Bits: (ParMarkBitMap*) 0x0000000053e2f030
 Begin Bits: [0x00000000124c0000, 0x0000000013cc0000)
 End Bits:   [0x0000000013cc0000, 0x00000000154c0000)

Polling page: 0x0000000000c40000

CodeCache: size=245760Kb used=13517Kb max_used=13517Kb free=232242Kb
 bounds [0x00000000027f0000, 0x0000000003530000, 0x00000000117f0000]
 total_blobs=4612 nmethods=3876 adapters=649
 compilation: enabled

Compilation events (10 events):
Event: 4.266 Thread 0x000000001617a800 3884       3       com.google.common.collect.LinkedHashMultimap::succeedsInValueSet (15 bytes)
Event: 4.267 Thread 0x000000001617a800 nmethod 3884 0x0000000003525f90 code [0x0000000003526100, 0x00000000035263d8]
Event: 4.267 Thread 0x000000001617a800 3885       3       com.google.common.collect.LinkedHashMultimap::access$400 (6 bytes)
Event: 4.267 Thread 0x000000001617a800 nmethod 3885 0x00000000035264d0 code [0x0000000003526640, 0x00000000035269b0]
Event: 4.267 Thread 0x000000001617a800 3881       3       sun.reflect.generics.repository.ClassRepository::getSuperclass (40 bytes)
Event: 4.267 Thread 0x000000001617a800 nmethod 3881 0x0000000003526b50 code [0x0000000003526d00, 0x0000000003527408]
Event: 4.267 Thread 0x000000001617a800 3886       3       com.google.common.collect.AbstractMapBasedMultimap::get (31 bytes)
Event: 4.267 Thread 0x000000001617a800 nmethod 3886 0x00000000035276d0 code [0x0000000003527860, 0x0000000003527d68]
Event: 4.270 Thread 0x000000001617a800 3887       3       org.gradle.internal.Cast::uncheckedNonnullCast (2 bytes)
Event: 4.270 Thread 0x000000001617a800 nmethod 3887 0x0000000003527e90 code [0x0000000003527fe0, 0x0000000003528110]

GC Heap History (10 events):
Event: 2.102 GC heap before
{Heap before GC invocations=7 (full 0):
 PSYoungGen      total 75776K, used 9690K [0x00000000e0000000, 0x00000000e5700000, 0x0000000100000000)
  eden space 65536K, 1% used [0x00000000e0000000,0x00000000e00f8e78,0x00000000e4000000)
  from space 10240K, 84% used [0x00000000e4b00000,0x00000000e537dc30,0x00000000e5500000)
  to   space 11264K, 0% used [0x00000000e4000000,0x00000000e4000000,0x00000000e4b00000)
 ParOldGen       total 87552K, used 7076K [0x00000000a0000000, 0x00000000a5580000, 0x00000000e0000000)
  object space 87552K, 8% used [0x00000000a0000000,0x00000000a06e9280,0x00000000a5580000)
 Metaspace       used 20664K, capacity 21260K, committed 21296K, reserved 1067008K
  class space    used 2896K, capacity 3116K, committed 3120K, reserved 1048576K
Event: 2.107 GC heap after
Heap after GC invocations=7 (full 0):
 PSYoungGen      total 76800K, used 4064K [0x00000000e0000000, 0x00000000e9600000, 0x0000000100000000)
  eden space 65536K, 0% used [0x00000000e0000000,0x00000000e0000000,0x00000000e4000000)
  from space 11264K, 36% used [0x00000000e4000000,0x00000000e43f8030,0x00000000e4b00000)
  to   space 11264K, 0% used [0x00000000e8b00000,0x00000000e8b00000,0x00000000e9600000)
 ParOldGen       total 87552K, used 9312K [0x00000000a0000000, 0x00000000a5580000, 0x00000000e0000000)
  object space 87552K, 10% used [0x00000000a0000000,0x00000000a09182e0,0x00000000a5580000)
 Metaspace       used 20664K, capacity 21260K, committed 21296K, reserved 1067008K
  class space    used 2896K, capacity 3116K, committed 3120K, reserved 1048576K
}
Event: 2.107 GC heap before
{Heap before GC invocations=8 (full 1):
 PSYoungGen      total 76800K, used 4064K [0x00000000e0000000, 0x00000000e9600000, 0x0000000100000000)
  eden space 65536K, 0% used [0x00000000e0000000,0x00000000e0000000,0x00000000e4000000)
  from space 11264K, 36% used [0x00000000e4000000,0x00000000e43f8030,0x00000000e4b00000)
  to   space 11264K, 0% used [0x00000000e8b00000,0x00000000e8b00000,0x00000000e9600000)
 ParOldGen       total 87552K, used 9312K [0x00000000a0000000, 0x00000000a5580000, 0x00000000e0000000)
  object space 87552K, 10% used [0x00000000a0000000,0x00000000a09182e0,0x00000000a5580000)
 Metaspace       used 20664K, capacity 21260K, committed 21296K, reserved 1067008K
  class space    used 2896K, capacity 3116K, committed 3120K, reserved 1048576K
Event: 2.139 GC heap after
Heap after GC invocations=8 (full 1):
 PSYoungGen      total 76800K, used 0K [0x00000000e0000000, 0x00000000e9600000, 0x0000000100000000)
  eden space 65536K, 0% used [0x00000000e0000000,0x00000000e0000000,0x00000000e4000000)
  from space 11264K, 0% used [0x00000000e4000000,0x00000000e4000000,0x00000000e4b00000)
  to   space 11264K, 0% used [0x00000000e8b00000,0x00000000e8b00000,0x00000000e9600000)
 ParOldGen       total 46592K, used 6958K [0x00000000a0000000, 0x00000000a2d80000, 0x00000000e0000000)
  object space 46592K, 14% used [0x00000000a0000000,0x00000000a06cba98,0x00000000a2d80000)
 Metaspace       used 20664K, capacity 21260K, committed 21296K, reserved 1067008K
  class space    used 2896K, capacity 3116K, committed 3120K, reserved 1048576K
}
Event: 2.634 GC heap before
{Heap before GC invocations=9 (full 1):
 PSYoungGen      total 76800K, used 65247K [0x00000000e0000000, 0x00000000e9600000, 0x0000000100000000)
  eden space 65536K, 99% used [0x00000000e0000000,0x00000000e3fb7e20,0x00000000e4000000)
  from space 11264K, 0% used [0x00000000e4000000,0x00000000e4000000,0x00000000e4b00000)
  to   space 11264K, 0% used [0x00000000e8b00000,0x00000000e8b00000,0x00000000e9600000)
 ParOldGen       total 46592K, used 6958K [0x00000000a0000000, 0x00000000a2d80000, 0x00000000e0000000)
  object space 46592K, 14% used [0x00000000a0000000,0x00000000a06cba98,0x00000000a2d80000)
 Metaspace       used 28234K, capacity 28916K, committed 29232K, reserved 1075200K
  class space    used 3895K, capacity 4127K, committed 4144K, reserved 1048576K
Event: 2.640 GC heap after
Heap after GC invocations=9 (full 1):
 PSYoungGen      total 135680K, used 9086K [0x00000000e0000000, 0x00000000e9400000, 0x0000000100000000)
  eden space 126464K, 0% used [0x00000000e0000000,0x00000000e0000000,0x00000000e7b80000)
  from space 9216K, 98% used [0x00000000e8b00000,0x00000000e93dfac8,0x00000000e9400000)
  to   space 11776K, 0% used [0x00000000e7d00000,0x00000000e7d00000,0x00000000e8880000)
 ParOldGen       total 46592K, used 6966K [0x00000000a0000000, 0x00000000a2d80000, 0x00000000e0000000)
  object space 46592K, 14% used [0x00000000a0000000,0x00000000a06cda98,0x00000000a2d80000)
 Metaspace       used 28234K, capacity 28916K, committed 29232K, reserved 1075200K
  class space    used 3895K, capacity 4127K, committed 4144K, reserved 1048576K
}
Event: 3.298 GC heap before
{Heap before GC invocations=10 (full 1):
 PSYoungGen      total 135680K, used 119660K [0x00000000e0000000, 0x00000000e9400000, 0x0000000100000000)
  eden space 126464K, 87% used [0x00000000e0000000,0x00000000e6bfb730,0x00000000e7b80000)
  from space 9216K, 98% used [0x00000000e8b00000,0x00000000e93dfac8,0x00000000e9400000)
  to   space 11776K, 0% used [0x00000000e7d00000,0x00000000e7d00000,0x00000000e8880000)
 ParOldGen       total 46592K, used 6966K [0x00000000a0000000, 0x00000000a2d80000, 0x00000000e0000000)
  object space 46592K, 14% used [0x00000000a0000000,0x00000000a06cda98,0x00000000a2d80000)
 Metaspace       used 34600K, capacity 35414K, committed 35496K, reserved 1079296K
  class space    used 4747K, capacity 4972K, committed 5040K, reserved 1048576K
Event: 3.308 GC heap after
Heap after GC invocations=10 (full 1):
 PSYoungGen      total 139776K, used 11758K [0x00000000e0000000, 0x00000000ed900000, 0x0000000100000000)
  eden space 128000K, 0% used [0x00000000e0000000,0x00000000e0000000,0x00000000e7d00000)
  from space 11776K, 99% used [0x00000000e7d00000,0x00000000e887b900,0x00000000e8880000)
  to   space 13312K, 0% used [0x00000000ecc00000,0x00000000ecc00000,0x00000000ed900000)
 ParOldGen       total 46592K, used 7055K [0x00000000a0000000, 0x00000000a2d80000, 0x00000000e0000000)
  object space 46592K, 15% used [0x00000000a0000000,0x00000000a06e3f10,0x00000000a2d80000)
 Metaspace       used 34600K, capacity 35414K, committed 35496K, reserved 1079296K
  class space    used 4747K, capacity 4972K, committed 5040K, reserved 1048576K
}
Event: 3.308 GC heap before
{Heap before GC invocations=11 (full 2):
 PSYoungGen      total 139776K, used 11758K [0x00000000e0000000, 0x00000000ed900000, 0x0000000100000000)
  eden space 128000K, 0% used [0x00000000e0000000,0x00000000e0000000,0x00000000e7d00000)
  from space 11776K, 99% used [0x00000000e7d00000,0x00000000e887b900,0x00000000e8880000)
  to   space 13312K, 0% used [0x00000000ecc00000,0x00000000ecc00000,0x00000000ed900000)
 ParOldGen       total 46592K, used 7055K [0x00000000a0000000, 0x00000000a2d80000, 0x00000000e0000000)
  object space 46592K, 15% used [0x00000000a0000000,0x00000000a06e3f10,0x00000000a2d80000)
 Metaspace       used 34600K, capacity 35414K, committed 35496K, reserved 1079296K
  class space    used 4747K, capacity 4972K, committed 5040K, reserved 1048576K
Event: 3.370 GC heap after
Heap after GC invocations=11 (full 2):
 PSYoungGen      total 139776K, used 0K [0x00000000e0000000, 0x00000000ed900000, 0x0000000100000000)
  eden space 128000K, 0% used [0x00000000e0000000,0x00000000e0000000,0x00000000e7d00000)
  from space 11776K, 0% used [0x00000000e7d00000,0x00000000e7d00000,0x00000000e8880000)
  to   space 13312K, 0% used [0x00000000ecc00000,0x00000000ecc00000,0x00000000ed900000)
 ParOldGen       total 65024K, used 18245K [0x00000000a0000000, 0x00000000a3f80000, 0x00000000e0000000)
  object space 65024K, 28% used [0x00000000a0000000,0x00000000a11d1610,0x00000000a3f80000)
 Metaspace       used 34600K, capacity 35414K, committed 35496K, reserved 1079296K
  class space    used 4747K, capacity 4972K, committed 5040K, reserved 1048576K
}

Deoptimization events (10 events):
Event: 3.750 Thread 0x000000001a0b3000 Uncommon trap: reason=unstable_if action=reinterpret pc=0x0000000002b71b10 method=java.util.regex.Pattern.has(I)Z @ 6
Event: 3.751 Thread 0x000000001a0b3000 Uncommon trap: reason=bimorphic action=maybe_recompile pc=0x00000000031603b8 method=java.util.AbstractCollection.addAll(Ljava/util/Collection;)Z @ 29
Event: 3.862 Thread 0x000000001a0b3000 Uncommon trap: reason=unstable_if action=reinterpret pc=0x0000000002ec9320 method=java.io.BufferedInputStream.read([BII)I @ 56
Event: 3.870 Thread 0x000000001a0b3000 Uncommon trap: reason=bimorphic action=maybe_recompile pc=0x00000000031603b8 method=java.util.AbstractCollection.addAll(Ljava/util/Collection;)Z @ 29
Event: 3.914 Thread 0x000000001a0b3000 Uncommon trap: reason=unstable_if action=reinterpret pc=0x0000000002f5f2c8 method=sun.misc.MetaIndex.mayContain(Ljava/lang/String;)Z @ 38
Event: 4.051 Thread 0x000000001a08a000 Uncommon trap: reason=class_check action=maybe_recompile pc=0x0000000002962560 method=java.lang.String.equals(Ljava/lang/Object;)Z @ 8
Event: 4.052 Thread 0x000000001a08a000 Uncommon trap: reason=class_check action=maybe_recompile pc=0x0000000002962560 method=java.lang.String.equals(Ljava/lang/Object;)Z @ 8
Event: 4.052 Thread 0x000000001a08a000 Uncommon trap: reason=class_check action=maybe_recompile pc=0x0000000002962560 method=java.lang.String.equals(Ljava/lang/Object;)Z @ 8
Event: 4.052 Thread 0x000000001a08a000 Uncommon trap: reason=class_check action=maybe_recompile pc=0x0000000002962560 method=java.lang.String.equals(Ljava/lang/Object;)Z @ 8
Event: 4.120 Thread 0x000000001a0b3000 Uncommon trap: reason=unstable_if action=reinterpret pc=0x00000000030d3d9c method=org.objectweb.asm.ByteVector.putUTF8(Ljava/lang/String;)Lorg/objectweb/asm/ByteVector; @ 93

Classes redefined (0 events):
No events

Internal exceptions (10 events):
Event: 3.753 Thread 0x000000001a08c000 Exception <a 'java/lang/NoSuchMethodError': <clinit>> (0x00000000e31669d0) thrown at [C:\src\AOSP-openjdk-git\hotspot\src\share\vm\prims\jni.cpp, line 1615]
Event: 3.756 Thread 0x000000001a08c000 Exception <a 'java/lang/NoSuchMethodError': <clinit>> (0x00000000e3170c40) thrown at [C:\src\AOSP-openjdk-git\hotspot\src\share\vm\prims\jni.cpp, line 1615]
Event: 3.756 Thread 0x000000001a08c000 Exception <a 'java/lang/NoSuchMethodError': <clinit>> (0x00000000e317bb60) thrown at [C:\src\AOSP-openjdk-git\hotspot\src\share\vm\prims\jni.cpp, line 1615]
Event: 3.758 Thread 0x000000001a08c000 Exception <a 'java/lang/NoSuchMethodError': <clinit>> (0x00000000e318ef88) thrown at [C:\src\AOSP-openjdk-git\hotspot\src\share\vm\prims\jni.cpp, line 1615]
Event: 3.766 Thread 0x000000001a0b3000 Exception <a 'java/lang/ClassNotFoundException': build_7jc3v27mxzwia9qe5a1671f4hBeanInfo> (0x00000000e301ea98) thrown at [C:\src\AOSP-openjdk-git\hotspot\src\share\vm\classfile\systemDictionary.cpp, line 210]
Event: 3.766 Thread 0x000000001a0b3000 Exception <a 'java/lang/ClassNotFoundException': build_7jc3v27mxzwia9qe5a1671f4hCustomizer> (0x00000000e302bc38) thrown at [C:\src\AOSP-openjdk-git\hotspot\src\share\vm\classfile\systemDictionary.cpp, line 210]
Event: 3.770 Thread 0x000000001a0b3000 Exception <a 'java/lang/ClassNotFoundException': org/gradle/api/internal/plugins/DefaultObjectConfigurationActionBeanInfo> (0x00000000e30a6d98) thrown at [C:\src\AOSP-openjdk-git\hotspot\src\share\vm\classfile\systemDictionary.cpp, line 210]
Event: 3.770 Thread 0x000000001a0b3000 Exception <a 'java/lang/ClassNotFoundException': org/gradle/api/internal/plugins/DefaultObjectConfigurationActionCustomizer> (0x00000000e30ec388) thrown at [C:\src\AOSP-openjdk-git\hotspot\src\share\vm\classfile\systemDictionary.cpp, line 210]
Event: 4.051 Thread 0x000000001a08a000 Exception <a 'java/lang/NoSuchMethodError': <clinit>> (0x00000000e462c2c8) thrown at [C:\src\AOSP-openjdk-git\hotspot\src\share\vm\prims\jni.cpp, line 1615]
Event: 4.060 Thread 0x000000001a08a000 Exception <a 'java/lang/NoSuchMethodError': <clinit>> (0x00000000e4f5aae8) thrown at [C:\src\AOSP-openjdk-git\hotspot\src\share\vm\prims\jni.cpp, line 1615]

Events (10 events):
Event: 4.270 loading class org/gradle/api/plugins/JavaBasePlugin
Event: 4.270 loading class org/gradle/api/plugins/JavaBasePlugin done
Event: 4.271 loading class org/gradle/api/plugins/JavaBasePlugin$10
Event: 4.271 loading class org/gradle/api/plugins/JavaBasePlugin$10 done
Event: 4.271 loading class org/gradle/api/plugins/JavaBasePlugin$11
Event: 4.271 loading class org/gradle/api/plugins/JavaBasePlugin$11 done
Event: 4.272 loading class org/gradle/api/internal/artifacts/type/DefaultArtifactTypeContainer
Event: 4.272 loading class org/gradle/api/internal/artifacts/type/DefaultArtifactTypeContainer done
Event: 4.272 loading class org/gradle/api/artifacts/type/ArtifactTypeDefinition
Event: 4.272 loading class org/gradle/api/artifacts/type/ArtifactTypeDefinition done


Dynamic libraries:
0x00007ff7007c0000 - 0x00007ff7007f1000 	C:\Program Files\Android\Android Studio2\jre\bin\java.exe
0x00007ffbe2fd0000 - 0x00007ffbe31c5000 	C:\WINDOWS\SYSTEM32\ntdll.dll
0x00007ffbe10d0000 - 0x00007ffbe118d000 	C:\WINDOWS\System32\KERNEL32.DLL
0x00007ffbe0850000 - 0x00007ffbe0b18000 	C:\WINDOWS\System32\KERNELBASE.dll
0x00007ffbe20a0000 - 0x00007ffbe214c000 	C:\WINDOWS\System32\ADVAPI32.dll
0x00007ffbe2ec0000 - 0x00007ffbe2f5e000 	C:\WINDOWS\System32\msvcrt.dll
0x00007ffbe1a30000 - 0x00007ffbe1acb000 	C:\WINDOWS\System32\sechost.dll
0x00007ffbe2880000 - 0x00007ffbe29ab000 	C:\WINDOWS\System32\RPCRT4.dll
0x00007ffbe21b0000 - 0x00007ffbe2350000 	C:\WINDOWS\System32\USER32.dll
0x00007ffbe0db0000 - 0x00007ffbe0dd2000 	C:\WINDOWS\System32\win32u.dll
0x00007ffbe2f60000 - 0x00007ffbe2f8a000 	C:\WINDOWS\System32\GDI32.dll
0x00007ffbe0de0000 - 0x00007ffbe0eeb000 	C:\WINDOWS\System32\gdi32full.dll
0x00007ffbe0c80000 - 0x00007ffbe0d1d000 	C:\WINDOWS\System32\msvcp_win.dll
0x00007ffbe0ef0000 - 0x00007ffbe0ff0000 	C:\WINDOWS\System32\ucrtbase.dll
0x00007ffbdfb60000 - 0x00007ffbdfdfa000 	C:\WINDOWS\WinSxS\amd64_microsoft.windows.common-controls_6595b64144ccf1df_6.0.19041.1052_none_60b8f8fd71f5e8cb\COMCTL32.dll
0x00007ffbe1fc0000 - 0x00007ffbe1ff0000 	C:\WINDOWS\System32\IMM32.DLL
0x0000000054300000 - 0x00000000543d2000 	C:\Program Files\Android\Android Studio2\jre\jre\bin\msvcr100.dll
0x0000000053660000 - 0x0000000053eab000 	C:\Program Files\Android\Android Studio2\jre\jre\bin\server\jvm.dll
0x00007ffbe2090000 - 0x00007ffbe2098000 	C:\WINDOWS\System32\PSAPI.DLL
0x00007ffbbc2d0000 - 0x00007ffbbc2d9000 	C:\WINDOWS\SYSTEM32\WSOCK32.dll
0x00007ffbd22f0000 - 0x00007ffbd2317000 	C:\WINDOWS\SYSTEM32\WINMM.dll
0x00007ffbe2000000 - 0x00007ffbe206b000 	C:\WINDOWS\System32\WS2_32.dll
0x00007ffbdadd0000 - 0x00007ffbdadda000 	C:\WINDOWS\SYSTEM32\VERSION.dll
0x00007ffbbabd0000 - 0x00007ffbbabdf000 	C:\Program Files\Android\Android Studio2\jre\jre\bin\verify.dll
0x00007ffbaf3a0000 - 0x00007ffbaf3c9000 	C:\Program Files\Android\Android Studio2\jre\jre\bin\java.dll
0x00007ffbab200000 - 0x00007ffbab216000 	C:\Program Files\Android\Android Studio2\jre\jre\bin\zip.dll
0x00007ffbe12f0000 - 0x00007ffbe1a2f000 	C:\WINDOWS\System32\SHELL32.dll
0x00007ffbde2c0000 - 0x00007ffbdea50000 	C:\WINDOWS\SYSTEM32\windows.storage.dll
0x00007ffbe1c50000 - 0x00007ffbe1fa5000 	C:\WINDOWS\System32\combase.dll
0x00007ffbdfac0000 - 0x00007ffbdfaec000 	C:\WINDOWS\SYSTEM32\Wldp.dll
0x00007ffbe1240000 - 0x00007ffbe12ee000 	C:\WINDOWS\System32\SHCORE.dll
0x00007ffbe1bf0000 - 0x00007ffbe1c45000 	C:\WINDOWS\System32\shlwapi.dll
0x00007ffbe06e0000 - 0x00007ffbe06ff000 	C:\WINDOWS\SYSTEM32\profapi.dll
0x00007ffbaf3d0000 - 0x00007ffbaf3ea000 	C:\Program Files\Android\Android Studio2\jre\jre\bin\net.dll
0x00007ffbdf820000 - 0x00007ffbdf88a000 	C:\WINDOWS\system32\mswsock.dll
0x00007ffbaf2a0000 - 0x00007ffbaf2b3000 	C:\Program Files\Android\Android Studio2\jre\jre\bin\nio.dll
0x00007ffbc2190000 - 0x00007ffbc21b6000 	C:\Gradle\gradle-6.8.3\native\31\windows-amd64\native-platform.dll
0x00007ffbaf290000 - 0x00007ffbaf29d000 	C:\Program Files\Android\Android Studio2\jre\jre\bin\management.dll
0x00007ffbe0460000 - 0x00007ffbe0478000 	C:\WINDOWS\SYSTEM32\CRYPTSP.dll
0x00007ffbdf1f0000 - 0x00007ffbdf224000 	C:\WINDOWS\system32\rsaenh.dll
0x00007ffbe1050000 - 0x00007ffbe1077000 	C:\WINDOWS\System32\bcrypt.dll
0x00007ffbe06a0000 - 0x00007ffbe06ce000 	C:\WINDOWS\SYSTEM32\USERENV.dll
0x00007ffbe0d20000 - 0x00007ffbe0da3000 	C:\WINDOWS\System32\bcryptprimitives.dll
0x00007ffbdfab0000 - 0x00007ffbdfabc000 	C:\WINDOWS\SYSTEM32\CRYPTBASE.dll
0x00007ffbdf520000 - 0x00007ffbdf55b000 	C:\WINDOWS\SYSTEM32\IPHLPAPI.DLL
0x00007ffbe1ff0000 - 0x00007ffbe1ff8000 	C:\WINDOWS\System32\NSI.dll
0x00007ffbda9b0000 - 0x00007ffbda9c7000 	C:\WINDOWS\SYSTEM32\dhcpcsvc6.DLL
0x00007ffbdad30000 - 0x00007ffbdad4d000 	C:\WINDOWS\SYSTEM32\dhcpcsvc.DLL
0x00007ffbdf560000 - 0x00007ffbdf62c000 	C:\WINDOWS\SYSTEM32\DNSAPI.dll
0x00007ffbdff30000 - 0x00007ffbe0114000 	C:\WINDOWS\SYSTEM32\dbghelp.dll

VM Arguments:
jvm_args: -Xmx1536m -Dfile.encoding=windows-1252 -Duser.country=US -Duser.language=en -Duser.variant 
java_command: org.gradle.launcher.daemon.bootstrap.GradleDaemon 6.1.1
java_class_path (initial): C:\Gradle\gradle-6.8.3\wrapper\dists\gradle-6.1.1-all\cfmwm155h49vnt3hynmlrsdst\gradle-6.1.1\lib\gradle-launcher-6.1.1.jar
Launcher Type: SUN_STANDARD

Environment Variables:
JAVA_HOME=C:\Program Files\Java\jdk-15.0.1
PATH=C:\Program Files\Common Files\Oracle\Java\javapath;C:\WINDOWS\system32;C:\WINDOWS;C:\WINDOWS\System32\Wbem;C:\WINDOWS\System32\WindowsPowerShell\v1.0\;C:\Program Files\Java\jdk-15.0.1\bin;C:\WINDOWS\System32\OpenSSH\;C:\Program Files\PuTTY\;C:\Users\om\AppData\Local\Microsoft\WindowsApps;;C:\Users\om\AppData\Local\Programs\Microsoft VS Code\bin
USERNAME=om
OS=Windows_NT
PROCESSOR_IDENTIFIER=Intel64 Family 6 Model 60 Stepping 3, GenuineIntel



---------------  S Y S T E M  ---------------

OS: Windows 10.0 , 64 bit Build 19041 (10.0.19041.1023)

CPU:total 4 (initial active 4) (4 cores per cpu, 1 threads per core) family 6 model 60 stepping 3, cmov, cx8, fxsr, mmx, sse, sse2, sse3, ssse3, sse4.1, sse4.2, popcnt, avx, avx2, aes, clmul, erms, lzcnt, tsc, tscinvbit, bmi1, bmi2

Memory: 4k page, physical 8298044k(3832964k free), swap 10395196k(5546224k free)

vm_info: OpenJDK 64-Bit Server VM (25.242-b01) for windows-amd64 JRE (1.8.0_242-release-1644-b01), built by "builder" with MS VC++ 10.0 (VS2010)

time: Sat Jul 10 15:36:15 2021
timezone: India Standard Time
elapsed time: 4 seconds (0d 0h 0m 4s)

