#
# A fatal error has been detected by the Java Runtime Environment:
#
#  EXCEPTION_ACCESS_VIOLATION (0xc0000005) at pc=0x000000005bfdf93b, pid=8300, tid=0x000000000000165c
#
# JRE version: OpenJDK Runtime Environment (8.0_242-b01) (build 1.8.0_242-release-1644-b01)
# Java VM: OpenJDK 64-Bit Server VM (25.242-b01 mixed mode windows-amd64 compressed oops)
# Problematic frame:
# V  [jvm.dll+0xef93b]
#
# Failed to write core dump. Minidumps are not enabled by default on client versions of Windows
#
# If you would like to submit a bug report, please visit:
#   
#

---------------  T H R E A D  ---------------

Current thread (0x0000000002457000):  GCTaskThread [stack: 0x0000000011e10000,0x0000000011f10000] [id=5724]

siginfo: ExceptionCode=0xc0000005, reading address 0x0000000000000008

Registers:
RAX=0x0000000012210000, RBX=0x00000000e649bcd0, RCX=0x0000000000000003, RDX=0x0000000000000001
RSP=0x0000000011f0f770, RBP=0x00000000e671bc50, RSI=0x0000000000000003, RDI=0x000000000252b040
R8 =0x0000000000000000, R9 =0x0000000000000003, R10=0x000000000000000c, R11=0x0000000000000012
R12=0x00000000e671bc5c, R13=0x000000010000bb28, R14=0x000000010000bb30, R15=0x00000000e671bc28
RIP=0x000000005bfdf93b, EFLAGS=0x0000000000010246

Top of Stack: (sp=0x0000000011f0f770)
0x0000000011f0f770:   00000000e671bc60 00000000e671bc4c
0x0000000011f0f780:   0000000000000003 000000000252b040
0x0000000011f0f790:   0000000000000000 00000000024577b0
0x0000000011f0f7a0:   000000000244e810 0000000000000000
0x0000000011f0f7b0:   0000000000000012 000000005c2b9af0
0x0000000011f0f7c0:   000000001646d0d0 0000000000000000
0x0000000011f0f7d0:   000000000252b040 000000005c50c4d8
0x0000000011f0f7e0:   00000000e671bc28 000000005c2bd9d8
0x0000000011f0f7f0:   000000005c6bf030 0000000000000007
0x0000000011f0f800:   0000000000000000 00000056000002ef
0x0000000011f0f810:   00000000e671bbe0 000000005bfdf9d6
0x0000000011f0f820:   00000000e671bc28 000000000244e810
0x0000000011f0f830:   00000000024577c0 00000000024577b0
0x0000000011f0f840:   000000005c50c4d8 0000000000000000
0x0000000011f0f850:   000000001dc6d990 0000000000000000
0x0000000011f0f860:   000000000252b040 000000005c2b73ef 

Instructions: (pc=0x000000005bfdf93b)
0x000000005bfdf91b:   6d 00 84 d2 74 16 44 8b 43 08 8b 0d 8d 5d 67 00
0x000000005bfdf92b:   49 d3 e0 4c 03 05 7b 5d 67 00 eb 04 4c 8b 43 08
0x000000005bfdf93b:   45 8b 48 08 45 85 c9 7e 0c 41 f6 c1 01 75 4b 41
0x000000005bfdf94b:   c1 f9 03 eb 57 79 43 84 d2 41 8b c9 b8 10 00 00 


Register to memory mapping:

RAX=0x0000000012210000 is an unknown value
RBX=0x00000000e649bcd0 is an unknown value
RCX=0x0000000000000003 is an unknown value
RDX=0x0000000000000001 is an unknown value
RSP=0x0000000011f0f770 is an unknown value
RBP=0x00000000e671bc50 is an oop

[error occurred during error reporting (printing register info), id 0xc0000005]

Stack: [0x0000000011e10000,0x0000000011f10000],  sp=0x0000000011f0f770,  free space=1021k
Native frames: (J=compiled Java code, j=interpreted, Vv=VM code, C=native code)
V  [jvm.dll+0xef93b]
V  [jvm.dll+0x3c9af0]
V  [jvm.dll+0x3c73ef]
V  [jvm.dll+0x3c482e]
V  [jvm.dll+0x27276a]
C  [msvcr100.dll+0x21d9f]
C  [msvcr100.dll+0x21e3b]
C  [KERNEL32.DLL+0x17034]
C  [ntdll.dll+0x52651]


---------------  P R O C E S S  ---------------

Java Threads: ( => current thread )
  0x0000000019c31800 JavaThread "Cache worker for execution history cache (C:\Gradle\gradle-6.8.3\caches\6.1.1\executionHistory)" [_thread_blocked, id=1428, stack(0x000000001f5d0000,0x000000001f6d0000)]
  0x0000000019c34800 JavaThread "Cache worker for cache directory md-rule (C:\Gradle\gradle-6.8.3\caches\6.1.1\md-rule)" [_thread_blocked, id=2052, stack(0x000000001e230000,0x000000001e330000)]
  0x0000000019c35000 JavaThread "Cache worker for cache directory md-supplier (C:\Gradle\gradle-6.8.3\caches\6.1.1\md-supplier)" [_thread_blocked, id=1540, stack(0x000000001e130000,0x000000001e230000)]
  0x0000000019c33800 JavaThread "Cache worker for file hash cache (C:\Videobook\Videobook (06-07-2021)\MyVideoBook\.gradle\6.1.1\fileHashes)" [_thread_blocked, id=1424, stack(0x000000001f4d0000,0x000000001f5d0000)]
  0x0000000019c2f000 JavaThread "Cache worker for checksums cache (C:\Videobook\Videobook (06-07-2021)\MyVideoBook\.gradle\checksums)" [_thread_blocked, id=7868, stack(0x000000001e400000,0x000000001e500000)]
  0x0000000019c30000 JavaThread "Cache worker for file hash cache (C:\Gradle\gradle-6.8.3\caches\6.1.1\fileHashes)" [_thread_blocked, id=7864, stack(0x000000001bc90000,0x000000001bd90000)]
  0x0000000019c32000 JavaThread "File lock request listener" [_thread_in_native, id=2016, stack(0x000000001bb90000,0x000000001bc90000)]
  0x0000000018808000 JavaThread "Cache worker for journal cache (C:\Gradle\gradle-6.8.3\caches\journal-1)" [_thread_blocked, id=8508, stack(0x000000001ba90000,0x000000001bb90000)]
  0x0000000019b70000 JavaThread "Thread-9" [_thread_blocked, id=1676, stack(0x000000001b790000,0x000000001b890000)]
  0x0000000019b6b000 JavaThread "Stdin handler" [_thread_blocked, id=5844, stack(0x000000001b690000,0x000000001b790000)]
  0x0000000019b58800 JavaThread "Asynchronous log dispatcher for DefaultDaemonConnection: socket connection from /127.0.0.1:55781 to /127.0.0.1:55782" [_thread_blocked, id=8512, stack(0x000000001b590000,0x000000001b690000)]
  0x0000000019b78000 JavaThread "Daemon worker" [_thread_blocked, id=3336, stack(0x000000001b490000,0x000000001b590000)]
  0x0000000019b77800 JavaThread "Cancel handler" [_thread_blocked, id=3456, stack(0x000000001b390000,0x000000001b490000)]
  0x0000000019b2c800 JavaThread "Handler for socket connection from /127.0.0.1:55781 to /127.0.0.1:55782" [_thread_in_native, id=8076, stack(0x000000001b090000,0x000000001b190000)]
  0x0000000019b2b800 JavaThread "Daemon" [_thread_blocked, id=7900, stack(0x000000001af90000,0x000000001b090000)]
  0x0000000019b3b800 JavaThread "Daemon periodic checks" [_thread_blocked, id=8048, stack(0x000000001ae90000,0x000000001af90000)]
  0x0000000019add000 JavaThread "Incoming local TCP Connector on port 55781" [_thread_in_native, id=7692, stack(0x0000000017f10000,0x0000000018010000)]
  0x0000000019a4e800 JavaThread "Daemon health stats" [_thread_blocked, id=7200, stack(0x0000000017e10000,0x0000000017f10000)]
  0x0000000017842800 JavaThread "Service Thread" daemon [_thread_blocked, id=6248, stack(0x0000000017c10000,0x0000000017d10000)]
  0x0000000015ec9800 JavaThread "C1 CompilerThread2" daemon [_thread_blocked, id=10020, stack(0x0000000017710000,0x0000000017810000)]
  0x0000000015eba000 JavaThread "C2 CompilerThread1" daemon [_thread_blocked, id=6524, stack(0x0000000017610000,0x0000000017710000)]
  0x0000000015eb0800 JavaThread "C2 CompilerThread0" daemon [_thread_in_native, id=9260, stack(0x0000000017510000,0x0000000017610000)]
  0x0000000015eb6000 JavaThread "Attach Listener" daemon [_thread_blocked, id=6528, stack(0x0000000017410000,0x0000000017510000)]
  0x0000000015eb4800 JavaThread "Signal Dispatcher" daemon [_thread_blocked, id=6556, stack(0x0000000017310000,0x0000000017410000)]
  0x000000000253b000 JavaThread "Finalizer" daemon [_thread_blocked, id=9592, stack(0x0000000017110000,0x0000000017210000)]
  0x0000000015e99000 JavaThread "Reference Handler" daemon [_thread_blocked, id=6548, stack(0x0000000017010000,0x0000000017110000)]
  0x000000000233d800 JavaThread "main" [_thread_blocked, id=3928, stack(0x0000000002340000,0x0000000002440000)]

Other Threads:
  0x0000000015e76800 VMThread [stack: 0x0000000016f10000,0x0000000017010000] [id=6552]
  0x0000000017844800 WatcherThread [stack: 0x0000000017d10000,0x0000000017e10000] [id=8420]

=>0x0000000002457000 (exited) GCTaskThread [stack: 0x0000000011e10000,0x0000000011f10000] [id=5724]

VM state:at safepoint (normal execution)

VM Mutex/Monitor currently owned by a thread:  ([mutex/lock_event])
[0x000000000233d1b0] Threads_lock - owner thread: 0x0000000015e76800
[0x000000000233c6b0] Heap_lock - owner thread: 0x0000000015ec9800
[0x0000000002441bd0] MethodData_lock - owner thread: 0x0000000015ec9800

heap address: 0x00000000a0000000, size: 1536 MB, Compressed Oops mode: 32-bit
Narrow klass base: 0x0000000000000000, Narrow klass shift: 3
Compressed class space size: 1073741824 Address: 0x0000000100000000

Heap:
 PSYoungGen      total 113664K, used 8671K [0x00000000e0000000, 0x00000000e9f80000, 0x0000000100000000)
  eden space 101376K, 0% used [0x00000000e0000000,0x00000000e0000000,0x00000000e6300000)
  from space 12288K, 70% used [0x00000000e6300000,0x00000000e6b77ea0,0x00000000e6f00000)
  to   space 12288K, 0% used [0x00000000e9380000,0x00000000e9380000,0x00000000e9f80000)
 ParOldGen       total 60928K, used 9235K [0x00000000a0000000, 0x00000000a3b80000, 0x00000000e0000000)
  object space 60928K, 15% used [0x00000000a0000000,0x00000000a0904d38,0x00000000a3b80000)
 Metaspace       used 34596K, capacity 35414K, committed 35496K, reserved 1079296K
  class space    used 4743K, capacity 4972K, committed 5040K, reserved 1048576K

Card table byte_map: [0x0000000011900000,0x0000000011c10000] byte_map_base: 0x0000000011400000

Marking Bits: (ParMarkBitMap*) 0x000000005c6bf030
 Begin Bits: [0x0000000012210000, 0x0000000013a10000)
 End Bits:   [0x0000000013a10000, 0x0000000015210000)

Polling page: 0x0000000000ae0000

CodeCache: size=245760Kb used=10550Kb max_used=10550Kb free=235209Kb
 bounds [0x0000000002540000, 0x0000000002fa0000, 0x0000000011540000]
 total_blobs=3399 nmethods=2700 adapters=612
 compilation: enabled

Compilation events (10 events):
Event: 4.393 Thread 0x0000000015ec9800 nmethod 2704 0x0000000002f8fc10 code [0x0000000002f8fda0, 0x0000000002f90258]
Event: 4.393 Thread 0x0000000015ec9800 2703       3       org.gradle.api.internal.artifacts.ivyservice.modulecache.StringDeduplicatingDecoder::readString (22 bytes)
Event: 4.394 Thread 0x0000000015ec9800 nmethod 2703 0x0000000002f90410 code [0x0000000002f905a0, 0x0000000002f90978]
Event: 4.394 Thread 0x0000000015ec9800 2705       1       com.google.common.collect.RegularImmutableMap$KeysOrValuesAsList::size (5 bytes)
Event: 4.394 Thread 0x0000000015ec9800 nmethod 2705 0x0000000002f90a90 code [0x0000000002f90be0, 0x0000000002f90cf0]
Event: 4.394 Thread 0x0000000015ec9800 2706       1       com.google.common.cache.LocalCache$StrongEntry::getKey (5 bytes)
Event: 4.394 Thread 0x0000000015ec9800 nmethod 2706 0x0000000002f90d50 code [0x0000000002f90ea0, 0x0000000002f90fb0]
Event: 4.394 Thread 0x0000000015ec9800 2707       1       org.gradle.cache.internal.btree.FileBackedBlockStore::access$500 (5 bytes)
Event: 4.394 Thread 0x0000000015ec9800 nmethod 2707 0x0000000002f91010 code [0x0000000002f91160, 0x0000000002f91250]
Event: 4.397 Thread 0x0000000015ec9800 2708       3       com.google.common.collect.ImmutableList::copyOf (44 bytes)

GC Heap History (10 events):
Event: 2.610 GC heap after
Heap after GC invocations=6 (full 0):
 PSYoungGen      total 75776K, used 8647K [0x00000000e0000000, 0x00000000e5700000, 0x0000000100000000)
  eden space 65536K, 0% used [0x00000000e0000000,0x00000000e0000000,0x00000000e4000000)
  from space 10240K, 84% used [0x00000000e4b00000,0x00000000e5371c40,0x00000000e5500000)
  to   space 11264K, 0% used [0x00000000e4000000,0x00000000e4000000,0x00000000e4b00000)
 ParOldGen       total 87552K, used 7015K [0x00000000a0000000, 0x00000000a5580000, 0x00000000e0000000)
  object space 87552K, 8% used [0x00000000a0000000,0x00000000a06d9c20,0x00000000a5580000)
 Metaspace       used 20665K, capacity 21260K, committed 21296K, reserved 1067008K
  class space    used 2892K, capacity 3116K, committed 3120K, reserved 1048576K
}
Event: 2.610 GC heap before
{Heap before GC invocations=7 (full 1):
 PSYoungGen      total 75776K, used 8647K [0x00000000e0000000, 0x00000000e5700000, 0x0000000100000000)
  eden space 65536K, 0% used [0x00000000e0000000,0x00000000e0000000,0x00000000e4000000)
  from space 10240K, 84% used [0x00000000e4b00000,0x00000000e5371c40,0x00000000e5500000)
  to   space 11264K, 0% used [0x00000000e4000000,0x00000000e4000000,0x00000000e4b00000)
 ParOldGen       total 87552K, used 7015K [0x00000000a0000000, 0x00000000a5580000, 0x00000000e0000000)
  object space 87552K, 8% used [0x00000000a0000000,0x00000000a06d9c20,0x00000000a5580000)
 Metaspace       used 20665K, capacity 21260K, committed 21296K, reserved 1067008K
  class space    used 2892K, capacity 3116K, committed 3120K, reserved 1048576K
Event: 2.643 GC heap after
Heap after GC invocations=7 (full 1):
 PSYoungGen      total 75776K, used 0K [0x00000000e0000000, 0x00000000e5700000, 0x0000000100000000)
  eden space 65536K, 0% used [0x00000000e0000000,0x00000000e0000000,0x00000000e4000000)
  from space 10240K, 0% used [0x00000000e4b00000,0x00000000e4b00000,0x00000000e5500000)
  to   space 11264K, 0% used [0x00000000e4000000,0x00000000e4000000,0x00000000e4b00000)
 ParOldGen       total 60928K, used 9211K [0x00000000a0000000, 0x00000000a3b80000, 0x00000000e0000000)
  object space 60928K, 15% used [0x00000000a0000000,0x00000000a08fed38,0x00000000a3b80000)
 Metaspace       used 20665K, capacity 21260K, committed 21296K, reserved 1067008K
  class space    used 2892K, capacity 3116K, committed 3120K, reserved 1048576K
}
Event: 3.315 GC heap before
{Heap before GC invocations=8 (full 1):
 PSYoungGen      total 75776K, used 65217K [0x00000000e0000000, 0x00000000e5700000, 0x0000000100000000)
  eden space 65536K, 99% used [0x00000000e0000000,0x00000000e3fb0598,0x00000000e4000000)
  from space 10240K, 0% used [0x00000000e4b00000,0x00000000e4b00000,0x00000000e5500000)
  to   space 11264K, 0% used [0x00000000e4000000,0x00000000e4000000,0x00000000e4b00000)
 ParOldGen       total 60928K, used 9211K [0x00000000a0000000, 0x00000000a3b80000, 0x00000000e0000000)
  object space 60928K, 15% used [0x00000000a0000000,0x00000000a08fed38,0x00000000a3b80000)
 Metaspace       used 28254K, capacity 28916K, committed 29232K, reserved 1075200K
  class space    used 3893K, capacity 4127K, committed 4144K, reserved 1048576K
Event: 3.323 GC heap after
Heap after GC invocations=8 (full 1):
 PSYoungGen      total 76800K, used 9101K [0x00000000e0000000, 0x00000000e7a80000, 0x0000000100000000)
  eden space 65536K, 0% used [0x00000000e0000000,0x00000000e0000000,0x00000000e4000000)
  from space 11264K, 80% used [0x00000000e4000000,0x00000000e48e3590,0x00000000e4b00000)
  to   space 11776K, 0% used [0x00000000e6f00000,0x00000000e6f00000,0x00000000e7a80000)
 ParOldGen       total 60928K, used 9219K [0x00000000a0000000, 0x00000000a3b80000, 0x00000000e0000000)
  object space 60928K, 15% used [0x00000000a0000000,0x00000000a0900d38,0x00000000a3b80000)
 Metaspace       used 28254K, capacity 28916K, committed 29232K, reserved 1075200K
  class space    used 3893K, capacity 4127K, committed 4144K, reserved 1048576K
}
Event: 4.068 GC heap before
{Heap before GC invocations=9 (full 1):
 PSYoungGen      total 76800K, used 74637K [0x00000000e0000000, 0x00000000e7a80000, 0x0000000100000000)
  eden space 65536K, 100% used [0x00000000e0000000,0x00000000e4000000,0x00000000e4000000)
  from space 11264K, 80% used [0x00000000e4000000,0x00000000e48e3590,0x00000000e4b00000)
  to   space 11776K, 0% used [0x00000000e6f00000,0x00000000e6f00000,0x00000000e7a80000)
 ParOldGen       total 60928K, used 9219K [0x00000000a0000000, 0x00000000a3b80000, 0x00000000e0000000)
  object space 60928K, 15% used [0x00000000a0000000,0x00000000a0900d38,0x00000000a3b80000)
 Metaspace       used 32458K, capacity 33248K, committed 33456K, reserved 1077248K
  class space    used 4433K, capacity 4673K, committed 4784K, reserved 1048576K
Event: 4.083 GC heap after
Heap after GC invocations=9 (full 1):
 PSYoungGen      total 113152K, used 8715K [0x00000000e0000000, 0x00000000e7c80000, 0x0000000100000000)
  eden space 101376K, 0% used [0x00000000e0000000,0x00000000e0000000,0x00000000e6300000)
  from space 11776K, 74% used [0x00000000e6f00000,0x00000000e7782f48,0x00000000e7a80000)
  to   space 12288K, 0% used [0x00000000e6300000,0x00000000e6300000,0x00000000e6f00000)
 ParOldGen       total 60928K, used 9227K [0x00000000a0000000, 0x00000000a3b80000, 0x00000000e0000000)
  object space 60928K, 15% used [0x00000000a0000000,0x00000000a0902d38,0x00000000a3b80000)
 Metaspace       used 32458K, capacity 33248K, committed 33456K, reserved 1077248K
  class space    used 4433K, capacity 4673K, committed 4784K, reserved 1048576K
}
Event: 4.397 GC heap before
{Heap before GC invocations=10 (full 1):
 PSYoungGen      total 113152K, used 53996K [0x00000000e0000000, 0x00000000e7c80000, 0x0000000100000000)
  eden space 101376K, 44% used [0x00000000e0000000,0x00000000e2c38408,0x00000000e6300000)
  from space 11776K, 74% used [0x00000000e6f00000,0x00000000e7782f48,0x00000000e7a80000)
  to   space 12288K, 0% used [0x00000000e6300000,0x00000000e6300000,0x00000000e6f00000)
 ParOldGen       total 60928K, used 9227K [0x00000000a0000000, 0x00000000a3b80000, 0x00000000e0000000)
  object space 60928K, 15% used [0x00000000a0000000,0x00000000a0902d38,0x00000000a3b80000)
 Metaspace       used 34596K, capacity 35414K, committed 35496K, reserved 1079296K
  class space    used 4743K, capacity 4972K, committed 5040K, reserved 1048576K
Event: 4.406 GC heap after
Heap after GC invocations=10 (full 1):
 PSYoungGen      total 113664K, used 8671K [0x00000000e0000000, 0x00000000e9f80000, 0x0000000100000000)
  eden space 101376K, 0% used [0x00000000e0000000,0x00000000e0000000,0x00000000e6300000)
  from space 12288K, 70% used [0x00000000e6300000,0x00000000e6b77ea0,0x00000000e6f00000)
  to   space 12288K, 0% used [0x00000000e9380000,0x00000000e9380000,0x00000000e9f80000)
 ParOldGen       total 60928K, used 9235K [0x00000000a0000000, 0x00000000a3b80000, 0x00000000e0000000)
  object space 60928K, 15% used [0x00000000a0000000,0x00000000a0904d38,0x00000000a3b80000)
 Metaspace       used 34596K, capacity 35414K, committed 35496K, reserved 1079296K
  class space    used 4743K, capacity 4972K, committed 5040K, reserved 1048576K
}
Event: 4.406 GC heap before
{Heap before GC invocations=11 (full 2):
 PSYoungGen      total 113664K, used 8671K [0x00000000e0000000, 0x00000000e9f80000, 0x0000000100000000)
  eden space 101376K, 0% used [0x00000000e0000000,0x00000000e0000000,0x00000000e6300000)
  from space 12288K, 70% used [0x00000000e6300000,0x00000000e6b77ea0,0x00000000e6f00000)
  to   space 12288K, 0% used [0x00000000e9380000,0x00000000e9380000,0x00000000e9f80000)
 ParOldGen       total 60928K, used 9235K [0x00000000a0000000, 0x00000000a3b80000, 0x00000000e0000000)
  object space 60928K, 15% used [0x00000000a0000000,0x00000000a0904d38,0x00000000a3b80000)
 Metaspace       used 34596K, capacity 35414K, committed 35496K, reserved 1079296K
  class space    used 4743K, capacity 4972K, committed 5040K, reserved 1048576K

Deoptimization events (10 events):
Event: 3.303 Thread 0x0000000019b78000 Uncommon trap: reason=class_check action=maybe_recompile pc=0x0000000002c69bb8 method=sun.misc.URLClassPath.getLoader(I)Lsun/misc/URLClassPath$Loader; @ 239
Event: 3.324 Thread 0x0000000015e99000 Uncommon trap: reason=unstable_if action=reinterpret pc=0x0000000002a7787c method=java.lang.ref.Reference.tryHandlePending(Z)Z @ 104
Event: 3.496 Thread 0x0000000019b78000 Uncommon trap: reason=unstable_if action=reinterpret pc=0x00000000027b46cc method=java.util.HashMap.getNode(ILjava/lang/Object;)Ljava/util/HashMap$Node; @ 53
Event: 3.496 Thread 0x0000000019b78000 Uncommon trap: reason=unstable_if action=reinterpret pc=0x00000000028670f0 method=java.util.HashMap.hash(Ljava/lang/Object;)I @ 1
Event: 3.496 Thread 0x0000000019b78000 Uncommon trap: reason=unstable_if action=reinterpret pc=0x0000000002c5d53c method=java.util.HashMap.putVal(ILjava/lang/Object;Ljava/lang/Object;ZZ)Ljava/lang/Object; @ 85
Event: 3.573 Thread 0x0000000019b78000 Uncommon trap: reason=unstable_if action=reinterpret pc=0x0000000002e19630 method=org.gradle.internal.reflect.PropertyAccessorType.isGetGetterName(Ljava/lang/String;)Z @ 14
Event: 3.603 Thread 0x0000000019b78000 Uncommon trap: reason=unstable_if action=reinterpret pc=0x0000000002ca7e00 method=org.objectweb.asm.ByteVector.putShort(I)Lorg/objectweb/asm/ByteVector; @ 13
Event: 3.888 Thread 0x0000000019b78000 Uncommon trap: reason=class_check action=maybe_recompile pc=0x0000000002c690ac method=sun.misc.URLClassPath.getLoader(I)Lsun/misc/URLClassPath$Loader; @ 94
Event: 4.111 Thread 0x0000000019b78000 Uncommon trap: reason=unstable_if action=reinterpret pc=0x0000000002a4be8c method=java.util.WeakHashMap.expungeStaleEntries()V @ 66
Event: 4.284 Thread 0x0000000019b78000 Uncommon trap: reason=unstable_if action=reinterpret pc=0x0000000002ca5cfc method=jdk.internal.org.objectweb.asm.Type.getArgumentsAndReturnSizes(Ljava/lang/String;)I @ 88

Classes redefined (0 events):
No events

Internal exceptions (10 events):
Event: 3.983 Thread 0x0000000019b78000 Exception <a 'java/lang/ClassNotFoundException': org/gradle/api/internal/artifacts/dsl/DefaultRepositoryHandlerCustomizer> (0x00000000e33b0f48) thrown at [C:\src\AOSP-openjdk-git\hotspot\src\share\vm\classfile\systemDictionary.cpp, line 210]
Event: 3.984 Thread 0x0000000019b78000 Exception <a 'java/lang/ClassNotFoundException': org/gradle/api/internal/artifacts/dsl/DefaultRepositoryHandler_DecoratedCustomizer> (0x00000000e342f540) thrown at [C:\src\AOSP-openjdk-git\hotspot\src\share\vm\classfile\systemDictionary.cpp, line 210]
Event: 4.108 Thread 0x0000000019b78000 Exception <a 'java/lang/ClassNotFoundException': org/gradle/api/internal/artifacts/dsl/dependencies/DefaultDependencyHandler_DecoratedBeanInfo> (0x00000000e02cb740) thrown at [C:\src\AOSP-openjdk-git\hotspot\src\share\vm\classfile\systemDictionary.cpp, li
Event: 4.110 Thread 0x0000000019b78000 Exception <a 'java/lang/ClassNotFoundException': org/gradle/api/internal/artifacts/dsl/dependencies/DefaultDependencyHandlerBeanInfo> (0x00000000e03269d0) thrown at [C:\src\AOSP-openjdk-git\hotspot\src\share\vm\classfile\systemDictionary.cpp, line 210]
Event: 4.111 Thread 0x0000000019b78000 Exception <a 'java/lang/ClassNotFoundException': org/gradle/api/internal/artifacts/dsl/dependencies/DefaultDependencyHandlerCustomizer> (0x00000000e0382bf0) thrown at [C:\src\AOSP-openjdk-git\hotspot\src\share\vm\classfile\systemDictionary.cpp, line 210]
Event: 4.113 Thread 0x0000000019b78000 Exception <a 'java/lang/ClassNotFoundException': org/gradle/api/internal/artifacts/dsl/dependencies/DefaultDependencyHandler_DecoratedCustomizer> (0x00000000e0410500) thrown at [C:\src\AOSP-openjdk-git\hotspot\src\share\vm\classfile\systemDictionary.cpp, 
Event: 4.282 Thread 0x0000000019b78000 Exception <a 'java/lang/IncompatibleClassChangeError': Found class java.lang.Object, but interface was expected> (0x00000000e1efba78) thrown at [C:\src\AOSP-openjdk-git\hotspot\src\share\vm\interpreter\linkResolver.cpp, line 653]
Event: 4.283 Thread 0x0000000019b78000 Exception <a 'java/lang/NoSuchMethodError': java.lang.Object.lambda$comparing$77a9974f$1(Ljava/util/function/Function;Ljava/lang/Object;Ljava/lang/Object;)I> (0x00000000e1f06f18) thrown at [C:\src\AOSP-openjdk-git\hotspot\src\share\vm\interpreter\linkReso
Event: 4.285 Thread 0x0000000019b78000 Exception <a 'java/lang/NoSuchMethodError': java.lang.Object.lambda$thenComparing$36697e65$1(Ljava/util/Comparator;Ljava/lang/Object;Ljava/lang/Object;)I> (0x00000000e1f1b080) thrown at [C:\src\AOSP-openjdk-git\hotspot\src\share\vm\interpreter\linkResolve
Event: 4.286 Thread 0x0000000019b78000 Exception <a 'java/lang/NoSuchMethodError': java.lang.Object.lambda$comparing$ea9a8b3a$1(Ljava/util/Comparator;Ljava/util/function/Function;Ljava/lang/Object;Ljava/lang/Object;)I> (0x00000000e1f32110) thrown at [C:\src\AOSP-openjdk-git\hotspot\src\share\v

Events (10 events):
Event: 4.383 loading class org/gradle/api/internal/artifacts/ivyservice/resolveengine/excludes/specs/ExcludeSpec done
Event: 4.383 loading class org/gradle/api/internal/artifacts/ivyservice/resolveengine/excludes/specs/ExcludeSpec
Event: 4.383 loading class org/gradle/api/internal/artifacts/ivyservice/resolveengine/excludes/specs/ExcludeSpec done
Event: 4.383 loading class org/gradle/api/internal/artifacts/ivyservice/resolveengine/excludes/factories/OptimizingExcludeFactory
Event: 4.383 loading class org/gradle/api/internal/artifacts/ivyservice/resolveengine/excludes/factories/OptimizingExcludeFactory done
Event: 4.383 loading class org/gradle/api/internal/artifacts/ivyservice/resolveengine/excludes/factories/Optimizations
Event: 4.383 loading class org/gradle/api/internal/artifacts/ivyservice/resolveengine/excludes/factories/Optimizations done
Event: 4.384 loading class org/gradle/internal/component/external/model/ConfigurationBoundExternalDependencyMetadata
Event: 4.384 loading class org/gradle/internal/component/external/model/ConfigurationBoundExternalDependencyMetadata done
Event: 4.397 Executing VM operation: CollectForMetadataAllocation


Dynamic libraries:
0x00007ff7b36e0000 - 0x00007ff7b3711000 	C:\Program Files\Android\Android Studio\jre\bin\java.exe
0x00007ffdbe630000 - 0x00007ffdbe825000 	C:\WINDOWS\SYSTEM32\ntdll.dll
0x00007ffdbcb70000 - 0x00007ffdbcc2d000 	C:\WINDOWS\System32\KERNEL32.DLL
0x00007ffdbc340000 - 0x00007ffdbc608000 	C:\WINDOWS\System32\KERNELBASE.dll
0x00007ffdbde40000 - 0x00007ffdbdeec000 	C:\WINDOWS\System32\ADVAPI32.dll
0x00007ffdbd310000 - 0x00007ffdbd3ae000 	C:\WINDOWS\System32\msvcrt.dll
0x00007ffdbcd10000 - 0x00007ffdbcdab000 	C:\WINDOWS\System32\sechost.dll
0x00007ffdbcff0000 - 0x00007ffdbd11b000 	C:\WINDOWS\System32\RPCRT4.dll
0x00007ffdbe0f0000 - 0x00007ffdbe290000 	C:\WINDOWS\System32\USER32.dll
0x00007ffdbbf00000 - 0x00007ffdbbf22000 	C:\WINDOWS\System32\win32u.dll
0x00007ffdbcea0000 - 0x00007ffdbceca000 	C:\WINDOWS\System32\GDI32.dll
0x00007ffdbc090000 - 0x00007ffdbc19b000 	C:\WINDOWS\System32\gdi32full.dll
0x00007ffdbc2a0000 - 0x00007ffdbc33d000 	C:\WINDOWS\System32\msvcp_win.dll
0x00007ffdbbdd0000 - 0x00007ffdbbed0000 	C:\WINDOWS\System32\ucrtbase.dll
0x00007ffdbb130000 - 0x00007ffdbb3ca000 	C:\WINDOWS\WinSxS\amd64_microsoft.windows.common-controls_6595b64144ccf1df_6.0.19041.1052_none_60b8f8fd71f5e8cb\COMCTL32.dll
0x00007ffdbcc30000 - 0x00007ffdbcc60000 	C:\WINDOWS\System32\IMM32.DLL
0x000000005be10000 - 0x000000005bee2000 	C:\Program Files\Android\Android Studio\jre\jre\bin\msvcr100.dll
0x000000005bef0000 - 0x000000005c73b000 	C:\Program Files\Android\Android Studio\jre\jre\bin\server\jvm.dll
0x00007ffdbce90000 - 0x00007ffdbce98000 	C:\WINDOWS\System32\PSAPI.DLL
0x00007ffd8a500000 - 0x00007ffd8a509000 	C:\WINDOWS\SYSTEM32\WSOCK32.dll
0x00007ffdbd3b0000 - 0x00007ffdbd41b000 	C:\WINDOWS\System32\WS2_32.dll
0x00007ffdaeb60000 - 0x00007ffdaeb87000 	C:\WINDOWS\SYSTEM32\WINMM.dll
0x00007ffdb5d20000 - 0x00007ffdb5d2a000 	C:\WINDOWS\SYSTEM32\VERSION.dll
0x00007ffd8a4f0000 - 0x00007ffd8a4ff000 	C:\Program Files\Android\Android Studio\jre\jre\bin\verify.dll
0x00007ffd8a4c0000 - 0x00007ffd8a4e9000 	C:\Program Files\Android\Android Studio\jre\jre\bin\java.dll
0x00007ffd8a4a0000 - 0x00007ffd8a4b6000 	C:\Program Files\Android\Android Studio\jre\jre\bin\zip.dll
0x00007ffdbd550000 - 0x00007ffdbdc8f000 	C:\WINDOWS\System32\SHELL32.dll
0x00007ffdb9890000 - 0x00007ffdba020000 	C:\WINDOWS\SYSTEM32\windows.storage.dll
0x00007ffdbe290000 - 0x00007ffdbe5e5000 	C:\WINDOWS\System32\combase.dll
0x00007ffdbb090000 - 0x00007ffdbb0bc000 	C:\WINDOWS\SYSTEM32\Wldp.dll
0x00007ffdbd1a0000 - 0x00007ffdbd24e000 	C:\WINDOWS\System32\SHCORE.dll
0x00007ffdbe090000 - 0x00007ffdbe0e5000 	C:\WINDOWS\System32\shlwapi.dll
0x00007ffdbbcb0000 - 0x00007ffdbbccf000 	C:\WINDOWS\SYSTEM32\profapi.dll
0x00007ffd8a480000 - 0x00007ffd8a49a000 	C:\Program Files\Android\Android Studio\jre\jre\bin\net.dll
0x00007ffdbadf0000 - 0x00007ffdbae5a000 	C:\WINDOWS\system32\mswsock.dll
0x00007ffd8a460000 - 0x00007ffd8a473000 	C:\Program Files\Android\Android Studio\jre\jre\bin\nio.dll
0x00007ffda7290000 - 0x00007ffda72b6000 	C:\Gradle\gradle-6.8.3\native\31\windows-amd64\native-platform.dll
0x00007ffd8a450000 - 0x00007ffd8a45d000 	C:\Program Files\Android\Android Studio\jre\jre\bin\management.dll
0x00007ffdbba30000 - 0x00007ffdbba48000 	C:\WINDOWS\SYSTEM32\CRYPTSP.dll
0x00007ffdba7c0000 - 0x00007ffdba7f4000 	C:\WINDOWS\system32\rsaenh.dll
0x00007ffdbbed0000 - 0x00007ffdbbef7000 	C:\WINDOWS\System32\bcrypt.dll
0x00007ffdbbc70000 - 0x00007ffdbbc9e000 	C:\WINDOWS\SYSTEM32\USERENV.dll
0x00007ffdbc610000 - 0x00007ffdbc693000 	C:\WINDOWS\System32\bcryptprimitives.dll
0x00007ffdbb080000 - 0x00007ffdbb08c000 	C:\WINDOWS\SYSTEM32\CRYPTBASE.dll
0x00007ffdbaaf0000 - 0x00007ffdbab2b000 	C:\WINDOWS\SYSTEM32\IPHLPAPI.DLL
0x00007ffdbdf80000 - 0x00007ffdbdf88000 	C:\WINDOWS\System32\NSI.dll
0x00007ffdb5ca0000 - 0x00007ffdb5cb7000 	C:\WINDOWS\SYSTEM32\dhcpcsvc6.DLL
0x00007ffdb5de0000 - 0x00007ffdb5dfd000 	C:\WINDOWS\SYSTEM32\dhcpcsvc.DLL
0x00007ffdbab30000 - 0x00007ffdbabfc000 	C:\WINDOWS\SYSTEM32\DNSAPI.dll
0x00007ffdbb500000 - 0x00007ffdbb6e4000 	C:\WINDOWS\SYSTEM32\dbghelp.dll

VM Arguments:
jvm_args: -Xmx1536m -Dfile.encoding=windows-1252 -Duser.country=US -Duser.language=en -Duser.variant 
java_command: org.gradle.launcher.daemon.bootstrap.GradleDaemon 6.1.1
java_class_path (initial): C:\Gradle\gradle-6.8.3\wrapper\dists\gradle-6.1.1-all\cfmwm155h49vnt3hynmlrsdst\gradle-6.1.1\lib\gradle-launcher-6.1.1.jar
Launcher Type: SUN_STANDARD

Environment Variables:
JAVA_HOME=C:\Program Files\Java\jdk-15.0.1
PATH=C:\Program Files\Common Files\Oracle\Java\javapath;C:\WINDOWS\system32;C:\WINDOWS;C:\WINDOWS\System32\Wbem;C:\WINDOWS\System32\WindowsPowerShell\v1.0\;C:\Program Files\Java\jdk-15.0.1\bin;C:\WINDOWS\System32\OpenSSH\;C:\Program Files\PuTTY\;C:\Users\om\AppData\Local\Microsoft\WindowsApps;;C:\Users\om\AppData\Local\Programs\Microsoft VS Code\bin
USERNAME=om
OS=Windows_NT
PROCESSOR_IDENTIFIER=Intel64 Family 6 Model 60 Stepping 3, GenuineIntel



---------------  S Y S T E M  ---------------

OS: Windows 10.0 , 64 bit Build 19041 (10.0.19041.1023)

CPU:total 4 (initial active 4) (4 cores per cpu, 1 threads per core) family 6 model 60 stepping 3, cmov, cx8, fxsr, mmx, sse, sse2, sse3, ssse3, sse4.1, sse4.2, popcnt, avx, avx2, aes, clmul, erms, lzcnt, tsc, tscinvbit, bmi1, bmi2

Memory: 4k page, physical 8298044k(3914700k free), swap 10395196k(5693048k free)

vm_info: OpenJDK 64-Bit Server VM (25.242-b01) for windows-amd64 JRE (1.8.0_242-release-1644-b01), built by "builder" with MS VC++ 10.0 (VS2010)

time: Thu Jul 08 10:18:20 2021
timezone: India Standard Time
elapsed time: 4 seconds (0d 0h 0m 4s)

