#
# A fatal error has been detected by the Java Runtime Environment:
#
#  EXCEPTION_ACCESS_VIOLATION (0xc0000005) at pc=0x0000000053b46e21, pid=1192, tid=0x0000000000000fc0
#
# JRE version: OpenJDK Runtime Environment (8.0_242-b01) (build 1.8.0_242-release-1644-b01)
# Java VM: OpenJDK 64-Bit Server VM (25.242-b01 mixed mode windows-amd64 compressed oops)
# Problematic frame:
# V  [jvm.dll+0x4e6e21]
#
# Failed to write core dump. Minidumps are not enabled by default on client versions of Windows
#
# If you would like to submit a bug report, please visit:
#   
#

---------------  T H R E A D  ---------------

Current thread (0x0000000016089000):  JavaThread "C2 CompilerThread0" daemon [_thread_in_native, id=4032, stack(0x00000000177e0000,0x00000000178e0000)]

siginfo: ExceptionCode=0xc0000005, reading address 0x00000000009e0000

Registers:
RAX=0x000000001ef834c8, RBX=0x0000000000000015, RCX=0x000000001d6a5210, RDX=0x000000001a0d1760
RSP=0x00000000178dbd90, RBP=0x00000000178dbe90, RSI=0x00000000178de830, RDI=0x000000001ef83478
R8 =0x0000000000005ffd, R9 =0x000000001d2e5480, R10=0x0000000000000020, R11=0x0000000000000770
R12=0x0000000000000010, R13=0x0000000000000001, R14=0x000000001d2e5400, R15=0x00000000009e0000
RIP=0x0000000053b46e21, EFLAGS=0x0000000000010283

Top of Stack: (sp=0x00000000178dbd90)
0x00000000178dbd90:   0000000000000015 00000000178dbe90
0x00000000178dbda0:   000000001d6a5210 0000000000000815
0x00000000178dbdb0:   00000000000034a2 0000000000003495
0x00000000178dbdc0:   0000000000000000 0000000018d5af00
0x00000000178dbdd0:   00000000178dc030 0000000000000008
0x00000000178dbde0:   0000000000000003 000000001d2e5480
0x00000000178dbdf0:   0000000000000001 0000000000000001
0x00000000178dbe00:   000000001dd30e7e 000000010000012c
0x00000000178dbe10:   000013a500000000 00000000178dc160
0x00000000178dbe20:   000000000000000f 0000000018e22700
0x00000000178dbe30:   00000000000000ee 000013a50000012c
0x00000000178dbe40:   00000000178dc160 000000000000000f
0x00000000178dbe50:   000000001c6aff30 0000000000000cf4
0x00000000178dbe60:   000000001dd30ba0 0000000017c062f0
0x00000000178dbe70:   ffffffffe22cfbd0 00000000000003d8
0x00000000178dbe80:   0000000017c066c8 0000000017c062e0 

Instructions: (pc=0x0000000053b46e21)
0x0000000053b46e01:   48 8d 8e 98 01 00 00 41 8d 50 50 e8 7f 29 bc ff
0x0000000053b46e11:   48 8b f8 eb 07 48 89 86 b0 01 00 00 48 89 77 10
0x0000000053b46e21:   49 8b 07 49 8b cf ff 50 28 4c 8b 6c 24 58 49 8b
0x0000000053b46e31:   cd 48 8b d8 e8 c6 d3 f3 ff 48 8b cf 8b 50 18 48 


Register to memory mapping:

RAX=0x000000001ef834c8 is an unknown value
RBX=0x0000000000000015 is an unknown value
RCX=0x000000001d6a5210 is an unknown value
RDX=0x000000001a0d1760 is an unknown value
RSP=0x00000000178dbd90 is pointing into the stack for thread: 0x0000000016089000
RBP=0x00000000178dbe90 is pointing into the stack for thread: 0x0000000016089000
RSI=0x00000000178de830 is pointing into the stack for thread: 0x0000000016089000
RDI=0x000000001ef83478 is an unknown value
R8 =0x0000000000005ffd is an unknown value
R9 =0x000000001d2e5480 is an unknown value
R10=0x0000000000000020 is an unknown value
R11=0x0000000000000770 is an unknown value
R12=0x0000000000000010 is an unknown value
R13=0x0000000000000001 is an unknown value
R14=0x000000001d2e5400 is an unknown value
R15=0x00000000009e0000 is an unknown value


Stack: [0x00000000177e0000,0x00000000178e0000],  sp=0x00000000178dbd90,  free space=1007k
Native frames: (J=compiled Java code, j=interpreted, Vv=VM code, C=native code)
V  [jvm.dll+0x4e6e21]
V  [jvm.dll+0x43a956]
V  [jvm.dll+0x4456ab]
V  [jvm.dll+0x447fa8]
V  [jvm.dll+0x42b072]
V  [jvm.dll+0x8230f]
V  [jvm.dll+0x82c7f]
V  [jvm.dll+0x220b7f]
V  [jvm.dll+0x27276a]
C  [msvcr100.dll+0x21d9f]
C  [msvcr100.dll+0x21e3b]
C  [KERNEL32.DLL+0x17034]
C  [ntdll.dll+0x52651]


Current CompileTask:
C2:   2021 1533   !   4       java.net.URLClassLoader$1::run (63 bytes)


---------------  P R O C E S S  ---------------

Java Threads: ( => current thread )
  0x00000000193b5000 JavaThread "Cache worker for file hash cache (C:\Videobook\Videobook (06-07-2021)\MyVideoBook\.gradle\6.1.1\fileHashes)" [_thread_blocked, id=10884, stack(0x000000001e680000,0x000000001e780000)]
  0x00000000193b3800 JavaThread "Cache worker for checksums cache (C:\Videobook\Videobook (06-07-2021)\MyVideoBook\.gradle\checksums)" [_thread_blocked, id=5336, stack(0x000000001e580000,0x000000001e680000)]
  0x00000000193b2000 JavaThread "Cache worker for file hash cache (C:\Gradle\gradle-6.8.3\caches\6.1.1\fileHashes)" [_thread_blocked, id=9888, stack(0x000000001bf00000,0x000000001c000000)]
  0x00000000193b4800 JavaThread "File lock request listener" [_thread_in_native, id=9252, stack(0x000000001be00000,0x000000001bf00000)]
  0x00000000189ef800 JavaThread "Cache worker for journal cache (C:\Gradle\gradle-6.8.3\caches\journal-1)" [_thread_blocked, id=1504, stack(0x000000001bd00000,0x000000001be00000)]
  0x0000000019b6d000 JavaThread "Thread-9" [_thread_blocked, id=3076, stack(0x000000001ba00000,0x000000001bb00000)]
  0x0000000019b6c000 JavaThread "Stdin handler" [_thread_blocked, id=5504, stack(0x000000001b900000,0x000000001ba00000)]
  0x0000000019b6a800 JavaThread "Asynchronous log dispatcher for DefaultDaemonConnection: socket connection from /127.0.0.1:62557 to /127.0.0.1:62558" [_thread_blocked, id=5440, stack(0x000000001b800000,0x000000001b900000)]
  0x0000000019b67800 JavaThread "Daemon worker" [_thread_in_vm, id=5424, stack(0x000000001b700000,0x000000001b800000)]
  0x0000000019b81000 JavaThread "Cancel handler" [_thread_blocked, id=1436, stack(0x000000001b600000,0x000000001b700000)]
  0x0000000019b23000 JavaThread "Handler for socket connection from /127.0.0.1:62557 to /127.0.0.1:62558" [_thread_in_native, id=10460, stack(0x000000001b300000,0x000000001b400000)]
  0x0000000019b17000 JavaThread "Daemon" [_thread_blocked, id=9344, stack(0x000000001b200000,0x000000001b300000)]
  0x0000000019a16000 JavaThread "Daemon periodic checks" [_thread_blocked, id=2504, stack(0x000000001b100000,0x000000001b200000)]
  0x0000000019a14800 JavaThread "Incoming local TCP Connector on port 62557" [_thread_in_native, id=2428, stack(0x000000001aec0000,0x000000001afc0000)]
  0x000000001810b000 JavaThread "Daemon health stats" [_thread_blocked, id=6040, stack(0x000000001a880000,0x000000001a980000)]
  0x0000000017b10800 JavaThread "Service Thread" daemon [_thread_blocked, id=3220, stack(0x0000000017ee0000,0x0000000017fe0000)]
  0x000000001609a800 JavaThread "C1 CompilerThread2" daemon [_thread_blocked, id=9224, stack(0x00000000179e0000,0x0000000017ae0000)]
  0x000000001608b000 JavaThread "C2 CompilerThread1" daemon [_thread_in_native, id=9352, stack(0x00000000178e0000,0x00000000179e0000)]
=>0x0000000016089000 JavaThread "C2 CompilerThread0" daemon [_thread_in_native, id=4032, stack(0x00000000177e0000,0x00000000178e0000)]
  0x0000000016087800 JavaThread "Attach Listener" daemon [_thread_blocked, id=9228, stack(0x00000000176e0000,0x00000000177e0000)]
  0x0000000016086800 JavaThread "Signal Dispatcher" daemon [_thread_blocked, id=2944, stack(0x00000000175e0000,0x00000000176e0000)]
  0x0000000016069800 JavaThread "Finalizer" daemon [_thread_blocked, id=6500, stack(0x00000000172e0000,0x00000000173e0000)]
  0x0000000002701000 JavaThread "Reference Handler" daemon [_thread_blocked, id=7300, stack(0x00000000171e0000,0x00000000172e0000)]
  0x000000000245d800 JavaThread "main" [_thread_blocked, id=8376, stack(0x0000000002510000,0x0000000002610000)]

Other Threads:
  0x0000000016046000 VMThread [stack: 0x00000000170e0000,0x00000000171e0000] [id=10364]
  0x00000000160a1800 WatcherThread [stack: 0x0000000017fe0000,0x00000000180e0000] [id=7968]

VM state:not at safepoint (normal execution)

VM Mutex/Monitor currently owned by a thread: None

heap address: 0x00000000a0000000, size: 1536 MB, Compressed Oops mode: 32-bit
Narrow klass base: 0x0000000000000000, Narrow klass shift: 3
Compressed class space size: 1073741824 Address: 0x0000000100000000

Heap:
 PSYoungGen      total 38400K, used 15567K [0x00000000e0000000, 0x00000000e5500000, 0x0000000100000000)
  eden space 33280K, 31% used [0x00000000e0000000,0x00000000e0a3bed8,0x00000000e2080000)
  from space 5120K, 99% used [0x00000000e2080000,0x00000000e2578020,0x00000000e2580000)
  to   space 10240K, 0% used [0x00000000e4b00000,0x00000000e4b00000,0x00000000e5500000)
 ParOldGen       total 87552K, used 7171K [0x00000000a0000000, 0x00000000a5580000, 0x00000000e0000000)
  object space 87552K, 8% used [0x00000000a0000000,0x00000000a0700e28,0x00000000a5580000)
 Metaspace       used 19064K, capacity 19604K, committed 19840K, reserved 1067008K
  class space    used 2638K, capacity 2836K, committed 2944K, reserved 1048576K

Card table byte_map: [0x0000000011ad0000,0x0000000011de0000] byte_map_base: 0x00000000115d0000

Marking Bits: (ParMarkBitMap*) 0x0000000053e2f030
 Begin Bits: [0x00000000123e0000, 0x0000000013be0000)
 End Bits:   [0x0000000013be0000, 0x00000000153e0000)

Polling page: 0x0000000002390000

CodeCache: size=245760Kb used=5834Kb max_used=5834Kb free=239925Kb
 bounds [0x0000000002710000, 0x0000000002cd0000, 0x0000000011710000]
 total_blobs=2113 nmethods=1698 adapters=328
 compilation: enabled

Compilation events (10 events):
Event: 1.994 Thread 0x000000001609a800 1700       3       java.net.URI::match (56 bytes)
Event: 1.994 Thread 0x000000001609a800 nmethod 1700 0x0000000002cbef50 code [0x0000000002cbf0c0, 0x0000000002cbf3d0]
Event: 1.994 Thread 0x000000001609a800 1701       3       java.net.URI$Parser::scan (73 bytes)
Event: 1.995 Thread 0x000000001609a800 nmethod 1701 0x0000000002cbf450 code [0x0000000002cbf620, 0x0000000002cbfd28]
Event: 2.005 Thread 0x000000001609a800 1702       3       java.util.LinkedList::node (65 bytes)
Event: 2.005 Thread 0x000000001609a800 nmethod 1702 0x0000000002cc0190 code [0x0000000002cc0300, 0x0000000002cc0610]
Event: 2.007 Thread 0x000000001609a800 1703       3       java.util.concurrent.locks.ReentrantLock$Sync::<init> (5 bytes)
Event: 2.007 Thread 0x000000001609a800 nmethod 1703 0x0000000002cc0750 code [0x0000000002cc08c0, 0x0000000002cc0b30]
Event: 2.007 Thread 0x000000001609a800 1704       3       java.util.concurrent.locks.ReentrantLock$NonfairSync::<init> (5 bytes)
Event: 2.007 Thread 0x000000001609a800 nmethod 1704 0x0000000002cc0c50 code [0x0000000002cc0dc0, 0x0000000002cc1090]

GC Heap History (10 events):
Event: 0.535 GC heap before
{Heap before GC invocations=1 (full 0):
 PSYoungGen      total 38400K, used 33280K [0x00000000e0000000, 0x00000000e2a80000, 0x0000000100000000)
  eden space 33280K, 100% used [0x00000000e0000000,0x00000000e2080000,0x00000000e2080000)
  from space 5120K, 0% used [0x00000000e2580000,0x00000000e2580000,0x00000000e2a80000)
  to   space 5120K, 0% used [0x00000000e2080000,0x00000000e2080000,0x00000000e2580000)
 ParOldGen       total 87552K, used 0K [0x00000000a0000000, 0x00000000a5580000, 0x00000000e0000000)
  object space 87552K, 0% used [0x00000000a0000000,0x00000000a0000000,0x00000000a5580000)
 Metaspace       used 7181K, capacity 7368K, committed 7424K, reserved 1056768K
  class space    used 883K, capacity 968K, committed 1024K, reserved 1048576K
Event: 0.540 GC heap after
Heap after GC invocations=1 (full 0):
 PSYoungGen      total 38400K, used 4331K [0x00000000e0000000, 0x00000000e2a80000, 0x0000000100000000)
  eden space 33280K, 0% used [0x00000000e0000000,0x00000000e0000000,0x00000000e2080000)
  from space 5120K, 84% used [0x00000000e2080000,0x00000000e24bacf8,0x00000000e2580000)
  to   space 5120K, 0% used [0x00000000e2580000,0x00000000e2580000,0x00000000e2a80000)
 ParOldGen       total 87552K, used 8K [0x00000000a0000000, 0x00000000a5580000, 0x00000000e0000000)
  object space 87552K, 0% used [0x00000000a0000000,0x00000000a0002000,0x00000000a5580000)
 Metaspace       used 7181K, capacity 7368K, committed 7424K, reserved 1056768K
  class space    used 883K, capacity 968K, committed 1024K, reserved 1048576K
}
Event: 0.751 GC heap before
{Heap before GC invocations=2 (full 0):
 PSYoungGen      total 38400K, used 37611K [0x00000000e0000000, 0x00000000e2a80000, 0x0000000100000000)
  eden space 33280K, 100% used [0x00000000e0000000,0x00000000e2080000,0x00000000e2080000)
  from space 5120K, 84% used [0x00000000e2080000,0x00000000e24bacf8,0x00000000e2580000)
  to   space 5120K, 0% used [0x00000000e2580000,0x00000000e2580000,0x00000000e2a80000)
 ParOldGen       total 87552K, used 8K [0x00000000a0000000, 0x00000000a5580000, 0x00000000e0000000)
  object space 87552K, 0% used [0x00000000a0000000,0x00000000a0002000,0x00000000a5580000)
 Metaspace       used 7428K, capacity 7680K, committed 7936K, reserved 1056768K
  class space    used 912K, capacity 1008K, committed 1024K, reserved 1048576K
Event: 0.754 GC heap after
Heap after GC invocations=2 (full 0):
 PSYoungGen      total 38400K, used 3281K [0x00000000e0000000, 0x00000000e4b00000, 0x0000000100000000)
  eden space 33280K, 0% used [0x00000000e0000000,0x00000000e0000000,0x00000000e2080000)
  from space 5120K, 64% used [0x00000000e2580000,0x00000000e28b45a8,0x00000000e2a80000)
  to   space 5120K, 0% used [0x00000000e2080000,0x00000000e2080000,0x00000000e2580000)
 ParOldGen       total 87552K, used 16K [0x00000000a0000000, 0x00000000a5580000, 0x00000000e0000000)
  object space 87552K, 0% used [0x00000000a0000000,0x00000000a0004000,0x00000000a5580000)
 Metaspace       used 7428K, capacity 7680K, committed 7936K, reserved 1056768K
  class space    used 912K, capacity 1008K, committed 1024K, reserved 1048576K
}
Event: 1.450 GC heap before
{Heap before GC invocations=3 (full 0):
 PSYoungGen      total 38400K, used 36561K [0x00000000e0000000, 0x00000000e4b00000, 0x0000000100000000)
  eden space 33280K, 100% used [0x00000000e0000000,0x00000000e2080000,0x00000000e2080000)
  from space 5120K, 64% used [0x00000000e2580000,0x00000000e28b45a8,0x00000000e2a80000)
  to   space 5120K, 0% used [0x00000000e2080000,0x00000000e2080000,0x00000000e2580000)
 ParOldGen       total 87552K, used 16K [0x00000000a0000000, 0x00000000a5580000, 0x00000000e0000000)
  object space 87552K, 0% used [0x00000000a0000000,0x00000000a0004000,0x00000000a5580000)
 Metaspace       used 12226K, capacity 12572K, committed 12800K, reserved 1060864K
  class space    used 1629K, capacity 1762K, committed 1792K, reserved 1048576K
Event: 1.455 GC heap after
Heap after GC invocations=3 (full 0):
 PSYoungGen      total 38400K, used 5088K [0x00000000e0000000, 0x00000000e2a80000, 0x0000000100000000)
  eden space 33280K, 0% used [0x00000000e0000000,0x00000000e0000000,0x00000000e2080000)
  from space 5120K, 99% used [0x00000000e2080000,0x00000000e2578020,0x00000000e2580000)
  to   space 5120K, 0% used [0x00000000e2580000,0x00000000e2580000,0x00000000e2a80000)
 ParOldGen       total 87552K, used 1284K [0x00000000a0000000, 0x00000000a5580000, 0x00000000e0000000)
  object space 87552K, 1% used [0x00000000a0000000,0x00000000a0141238,0x00000000a5580000)
 Metaspace       used 12226K, capacity 12572K, committed 12800K, reserved 1060864K
  class space    used 1629K, capacity 1762K, committed 1792K, reserved 1048576K
}
Event: 1.682 GC heap before
{Heap before GC invocations=4 (full 0):
 PSYoungGen      total 38400K, used 38368K [0x00000000e0000000, 0x00000000e2a80000, 0x0000000100000000)
  eden space 33280K, 100% used [0x00000000e0000000,0x00000000e2080000,0x00000000e2080000)
  from space 5120K, 99% used [0x00000000e2080000,0x00000000e2578020,0x00000000e2580000)
  to   space 5120K, 0% used [0x00000000e2580000,0x00000000e2580000,0x00000000e2a80000)
 ParOldGen       total 87552K, used 1284K [0x00000000a0000000, 0x00000000a5580000, 0x00000000e0000000)
  object space 87552K, 1% used [0x00000000a0000000,0x00000000a0141238,0x00000000a5580000)
 Metaspace       used 15422K, capacity 15782K, committed 16128K, reserved 1062912K
  class space    used 2059K, capacity 2187K, committed 2304K, reserved 1048576K
Event: 1.687 GC heap after
Heap after GC invocations=4 (full 0):
 PSYoungGen      total 38400K, used 5103K [0x00000000e0000000, 0x00000000e4b00000, 0x0000000100000000)
  eden space 33280K, 0% used [0x00000000e0000000,0x00000000e0000000,0x00000000e2080000)
  from space 5120K, 99% used [0x00000000e2580000,0x00000000e2a7bc30,0x00000000e2a80000)
  to   space 5120K, 0% used [0x00000000e2080000,0x00000000e2080000,0x00000000e2580000)
 ParOldGen       total 87552K, used 3910K [0x00000000a0000000, 0x00000000a5580000, 0x00000000e0000000)
  object space 87552K, 4% used [0x00000000a0000000,0x00000000a03d1a88,0x00000000a5580000)
 Metaspace       used 15422K, capacity 15782K, committed 16128K, reserved 1062912K
  class space    used 2059K, capacity 2187K, committed 2304K, reserved 1048576K
}
Event: 1.918 GC heap before
{Heap before GC invocations=5 (full 0):
 PSYoungGen      total 38400K, used 38383K [0x00000000e0000000, 0x00000000e4b00000, 0x0000000100000000)
  eden space 33280K, 100% used [0x00000000e0000000,0x00000000e2080000,0x00000000e2080000)
  from space 5120K, 99% used [0x00000000e2580000,0x00000000e2a7bc30,0x00000000e2a80000)
  to   space 5120K, 0% used [0x00000000e2080000,0x00000000e2080000,0x00000000e2580000)
 ParOldGen       total 87552K, used 3910K [0x00000000a0000000, 0x00000000a5580000, 0x00000000e0000000)
  object space 87552K, 4% used [0x00000000a0000000,0x00000000a03d1a88,0x00000000a5580000)
 Metaspace       used 18172K, capacity 18706K, committed 18816K, reserved 1064960K
  class space    used 2494K, capacity 2667K, committed 2688K, reserved 1048576K
Event: 1.926 GC heap after
Heap after GC invocations=5 (full 0):
 PSYoungGen      total 38400K, used 5088K [0x00000000e0000000, 0x00000000e5500000, 0x0000000100000000)
  eden space 33280K, 0% used [0x00000000e0000000,0x00000000e0000000,0x00000000e2080000)
  from space 5120K, 99% used [0x00000000e2080000,0x00000000e2578020,0x00000000e2580000)
  to   space 10240K, 0% used [0x00000000e4b00000,0x00000000e4b00000,0x00000000e5500000)
 ParOldGen       total 87552K, used 7171K [0x00000000a0000000, 0x00000000a5580000, 0x00000000e0000000)
  object space 87552K, 8% used [0x00000000a0000000,0x00000000a0700e28,0x00000000a5580000)
 Metaspace       used 18172K, capacity 18706K, committed 18816K, reserved 1064960K
  class space    used 2494K, capacity 2667K, committed 2688K, reserved 1048576K
}

Deoptimization events (10 events):
Event: 1.437 Thread 0x0000000019b67800 Uncommon trap: reason=bimorphic action=maybe_recompile pc=0x0000000002a208c0 method=java.util.HashMap.putVal(ILjava/lang/Object;Ljava/lang/Object;ZZ)Ljava/lang/Object; @ 253
Event: 1.437 Thread 0x0000000019b67800 Uncommon trap: reason=bimorphic action=maybe_recompile pc=0x0000000002a208c0 method=java.util.HashMap.putVal(ILjava/lang/Object;Ljava/lang/Object;ZZ)Ljava/lang/Object; @ 253
Event: 1.583 Thread 0x0000000019b67800 Uncommon trap: reason=class_check action=maybe_recompile pc=0x0000000002a34c18 method=java.util.regex.Matcher.match(II)Z @ 86
Event: 1.592 Thread 0x0000000019b67800 Uncommon trap: reason=class_check action=maybe_recompile pc=0x0000000002a34c18 method=java.util.regex.Matcher.match(II)Z @ 86
Event: 1.593 Thread 0x0000000019b67800 Uncommon trap: reason=class_check action=maybe_recompile pc=0x0000000002a34c18 method=java.util.regex.Matcher.match(II)Z @ 86
Event: 1.593 Thread 0x0000000019b67800 Uncommon trap: reason=class_check action=maybe_recompile pc=0x00000000029f609c method=java.util.regex.Matcher.match(II)Z @ 86
Event: 1.745 Thread 0x0000000019b67800 Uncommon trap: reason=unstable_if action=reinterpret pc=0x0000000002a37e14 method=java.io.File.getName()Ljava/lang/String; @ 16
Event: 1.847 Thread 0x0000000019b67800 Uncommon trap: reason=unstable_if action=reinterpret pc=0x0000000002bd5c24 method=java.util.HashMap.putVal(ILjava/lang/Object;Ljava/lang/Object;ZZ)Ljava/lang/Object; @ 236
Event: 1.994 Thread 0x0000000019b67800 Uncommon trap: reason=unstable_if action=reinterpret pc=0x00000000028d7848 method=java.net.URI.match(CJJ)Z @ 19
Event: 1.994 Thread 0x0000000019b67800 Uncommon trap: reason=unstable_if action=reinterpret pc=0x000000000299cec0 method=java.net.URI.match(CJJ)Z @ 19

Classes redefined (0 events):
No events

Internal exceptions (10 events):
Event: 1.399 Thread 0x0000000019b23000 Exception <a 'java/lang/NoSuchMethodError': <clinit>> (0x00000000e1ccae88) thrown at [C:\src\AOSP-openjdk-git\hotspot\src\share\vm\prims\jni.cpp, line 1615]
Event: 1.399 Thread 0x0000000019b23000 Exception <a 'java/lang/NoSuchMethodError': <clinit>> (0x00000000e1cd3a28) thrown at [C:\src\AOSP-openjdk-git\hotspot\src\share\vm\prims\jni.cpp, line 1615]
Event: 1.400 Thread 0x0000000019b23000 Exception <a 'java/lang/NoSuchMethodError': <clinit>> (0x00000000e1ce9e20) thrown at [C:\src\AOSP-openjdk-git\hotspot\src\share\vm\prims\jni.cpp, line 1615]
Event: 1.406 Thread 0x0000000019b23000 Exception <a 'java/lang/NoSuchMethodError': <clinit>> (0x00000000e1d44c10) thrown at [C:\src\AOSP-openjdk-git\hotspot\src\share\vm\prims\jni.cpp, line 1615]
Event: 1.409 Thread 0x0000000019b23000 Exception <a 'java/lang/NoSuchMethodError': <clinit>> (0x00000000e1d71570) thrown at [C:\src\AOSP-openjdk-git\hotspot\src\share\vm\prims\jni.cpp, line 1615]
Event: 1.413 Thread 0x0000000019b23000 Exception <a 'java/lang/NoSuchMethodError': <clinit>> (0x00000000e1d9e958) thrown at [C:\src\AOSP-openjdk-git\hotspot\src\share\vm\prims\jni.cpp, line 1615]
Event: 1.413 Thread 0x0000000019b23000 Exception <a 'java/lang/NoSuchMethodError': <clinit>> (0x00000000e1da99e0) thrown at [C:\src\AOSP-openjdk-git\hotspot\src\share\vm\prims\jni.cpp, line 1615]
Event: 1.771 Thread 0x0000000019b67800 Exception <a 'java/lang/NoSuchMethodError': java.lang.Object.lambda$and$0(Ljava/util/function/Predicate;Ljava/lang/Object;)Z> (0x00000000e0f61820) thrown at [C:\src\AOSP-openjdk-git\hotspot\src\share\vm\interpreter\linkResolver.cpp, line 620]
Event: 1.774 Thread 0x0000000019b67800 Exception <a 'java/lang/IncompatibleClassChangeError': Found class java.lang.Object, but interface was expected> (0x00000000e0f72010) thrown at [C:\src\AOSP-openjdk-git\hotspot\src\share\vm\interpreter\linkResolver.cpp, line 653]
Event: 1.775 Thread 0x0000000019b67800 Exception <a 'java/lang/NoSuchMethodError': java.lang.Object.lambda$or$2(Ljava/util/function/Predicate;Ljava/lang/Object;)Z> (0x00000000e0f76f30) thrown at [C:\src\AOSP-openjdk-git\hotspot\src\share\vm\interpreter\linkResolver.cpp, line 620]

Events (10 events):
Event: 2.007 loading class org/gradle/util/VersionNumber$Scheme
Event: 2.007 loading class org/gradle/util/VersionNumber$Scheme done
Event: 2.008 loading class org/gradle/util/VersionNumber$SchemeWithPatchVersion
Event: 2.008 loading class org/gradle/util/VersionNumber$SchemeWithPatchVersion done
Event: 2.008 loading class org/gradle/util/VersionNumber$DefaultScheme
Event: 2.008 loading class org/gradle/util/VersionNumber$DefaultScheme done
Event: 2.009 loading class org/gradle/util/VersionNumber$AbstractScheme$Scanner
Event: 2.009 loading class org/gradle/util/VersionNumber$AbstractScheme$Scanner done
Event: 2.009 loading class org/gradle/internal/scan/config/UnsupportedBuildScanPluginVersionException
Event: 2.009 loading class org/gradle/internal/scan/config/UnsupportedBuildScanPluginVersionException done


Dynamic libraries:
0x00007ff7007c0000 - 0x00007ff7007f1000 	C:\Program Files\Android\Android Studio2\jre\bin\java.exe
0x00007ffbe2fd0000 - 0x00007ffbe31c5000 	C:\WINDOWS\SYSTEM32\ntdll.dll
0x00007ffbe10d0000 - 0x00007ffbe118d000 	C:\WINDOWS\System32\KERNEL32.DLL
0x00007ffbe0850000 - 0x00007ffbe0b18000 	C:\WINDOWS\System32\KERNELBASE.dll
0x00007ffbe20a0000 - 0x00007ffbe214c000 	C:\WINDOWS\System32\ADVAPI32.dll
0x00007ffbe2ec0000 - 0x00007ffbe2f5e000 	C:\WINDOWS\System32\msvcrt.dll
0x00007ffbe1a30000 - 0x00007ffbe1acb000 	C:\WINDOWS\System32\sechost.dll
0x00007ffbe2880000 - 0x00007ffbe29ab000 	C:\WINDOWS\System32\RPCRT4.dll
0x00007ffbe21b0000 - 0x00007ffbe2350000 	C:\WINDOWS\System32\USER32.dll
0x00007ffbe0db0000 - 0x00007ffbe0dd2000 	C:\WINDOWS\System32\win32u.dll
0x00007ffbe2f60000 - 0x00007ffbe2f8a000 	C:\WINDOWS\System32\GDI32.dll
0x00007ffbe0de0000 - 0x00007ffbe0eeb000 	C:\WINDOWS\System32\gdi32full.dll
0x00007ffbe0c80000 - 0x00007ffbe0d1d000 	C:\WINDOWS\System32\msvcp_win.dll
0x00007ffbe0ef0000 - 0x00007ffbe0ff0000 	C:\WINDOWS\System32\ucrtbase.dll
0x00007ffbdfb60000 - 0x00007ffbdfdfa000 	C:\WINDOWS\WinSxS\amd64_microsoft.windows.common-controls_6595b64144ccf1df_6.0.19041.1052_none_60b8f8fd71f5e8cb\COMCTL32.dll
0x00007ffbe1fc0000 - 0x00007ffbe1ff0000 	C:\WINDOWS\System32\IMM32.DLL
0x0000000054330000 - 0x0000000054402000 	C:\Program Files\Android\Android Studio2\jre\jre\bin\msvcr100.dll
0x0000000053660000 - 0x0000000053eab000 	C:\Program Files\Android\Android Studio2\jre\jre\bin\server\jvm.dll
0x00007ffbe2090000 - 0x00007ffbe2098000 	C:\WINDOWS\System32\PSAPI.DLL
0x00007ffbbc2d0000 - 0x00007ffbbc2d9000 	C:\WINDOWS\SYSTEM32\WSOCK32.dll
0x00007ffbe2000000 - 0x00007ffbe206b000 	C:\WINDOWS\System32\WS2_32.dll
0x00007ffbdadd0000 - 0x00007ffbdadda000 	C:\WINDOWS\SYSTEM32\VERSION.dll
0x00007ffbd22f0000 - 0x00007ffbd2317000 	C:\WINDOWS\SYSTEM32\WINMM.dll
0x00007ffbbabd0000 - 0x00007ffbbabdf000 	C:\Program Files\Android\Android Studio2\jre\jre\bin\verify.dll
0x00007ffbaf3a0000 - 0x00007ffbaf3c9000 	C:\Program Files\Android\Android Studio2\jre\jre\bin\java.dll
0x00007ffbab200000 - 0x00007ffbab216000 	C:\Program Files\Android\Android Studio2\jre\jre\bin\zip.dll
0x00007ffbe12f0000 - 0x00007ffbe1a2f000 	C:\WINDOWS\System32\SHELL32.dll
0x00007ffbde2c0000 - 0x00007ffbdea50000 	C:\WINDOWS\SYSTEM32\windows.storage.dll
0x00007ffbe1c50000 - 0x00007ffbe1fa5000 	C:\WINDOWS\System32\combase.dll
0x00007ffbdfac0000 - 0x00007ffbdfaec000 	C:\WINDOWS\SYSTEM32\Wldp.dll
0x00007ffbe1240000 - 0x00007ffbe12ee000 	C:\WINDOWS\System32\SHCORE.dll
0x00007ffbe1bf0000 - 0x00007ffbe1c45000 	C:\WINDOWS\System32\shlwapi.dll
0x00007ffbe06e0000 - 0x00007ffbe06ff000 	C:\WINDOWS\SYSTEM32\profapi.dll
0x00007ffbaf3d0000 - 0x00007ffbaf3ea000 	C:\Program Files\Android\Android Studio2\jre\jre\bin\net.dll
0x00007ffbdf820000 - 0x00007ffbdf88a000 	C:\WINDOWS\system32\mswsock.dll
0x00007ffbaf2a0000 - 0x00007ffbaf2b3000 	C:\Program Files\Android\Android Studio2\jre\jre\bin\nio.dll
0x00007ffbc2190000 - 0x00007ffbc21b6000 	C:\Gradle\gradle-6.8.3\native\31\windows-amd64\native-platform.dll
0x00007ffbaf290000 - 0x00007ffbaf29d000 	C:\Program Files\Android\Android Studio2\jre\jre\bin\management.dll
0x00007ffbe0460000 - 0x00007ffbe0478000 	C:\WINDOWS\SYSTEM32\CRYPTSP.dll
0x00007ffbdf1f0000 - 0x00007ffbdf224000 	C:\WINDOWS\system32\rsaenh.dll
0x00007ffbe1050000 - 0x00007ffbe1077000 	C:\WINDOWS\System32\bcrypt.dll
0x00007ffbe06a0000 - 0x00007ffbe06ce000 	C:\WINDOWS\SYSTEM32\USERENV.dll
0x00007ffbe0d20000 - 0x00007ffbe0da3000 	C:\WINDOWS\System32\bcryptprimitives.dll
0x00007ffbdfab0000 - 0x00007ffbdfabc000 	C:\WINDOWS\SYSTEM32\CRYPTBASE.dll
0x00007ffbdf520000 - 0x00007ffbdf55b000 	C:\WINDOWS\SYSTEM32\IPHLPAPI.DLL
0x00007ffbe1ff0000 - 0x00007ffbe1ff8000 	C:\WINDOWS\System32\NSI.dll
0x00007ffbda9b0000 - 0x00007ffbda9c7000 	C:\WINDOWS\SYSTEM32\dhcpcsvc6.DLL
0x00007ffbdad30000 - 0x00007ffbdad4d000 	C:\WINDOWS\SYSTEM32\dhcpcsvc.DLL
0x00007ffbdf560000 - 0x00007ffbdf62c000 	C:\WINDOWS\SYSTEM32\DNSAPI.dll
0x00007ffbdff30000 - 0x00007ffbe0114000 	C:\WINDOWS\SYSTEM32\dbghelp.dll

VM Arguments:
jvm_args: -Xmx1536m -Dfile.encoding=windows-1252 -Duser.country=US -Duser.language=en -Duser.variant 
java_command: org.gradle.launcher.daemon.bootstrap.GradleDaemon 6.1.1
java_class_path (initial): C:\Gradle\gradle-6.8.3\wrapper\dists\gradle-6.1.1-all\cfmwm155h49vnt3hynmlrsdst\gradle-6.1.1\lib\gradle-launcher-6.1.1.jar
Launcher Type: SUN_STANDARD

Environment Variables:
JAVA_HOME=C:\Program Files\Java\jdk-15.0.1
PATH=C:\Program Files\Common Files\Oracle\Java\javapath;C:\WINDOWS\system32;C:\WINDOWS;C:\WINDOWS\System32\Wbem;C:\WINDOWS\System32\WindowsPowerShell\v1.0\;C:\Program Files\Java\jdk-15.0.1\bin;C:\WINDOWS\System32\OpenSSH\;C:\Program Files\PuTTY\;C:\Users\om\AppData\Local\Microsoft\WindowsApps;;C:\Users\om\AppData\Local\Programs\Microsoft VS Code\bin
USERNAME=om
OS=Windows_NT
PROCESSOR_IDENTIFIER=Intel64 Family 6 Model 60 Stepping 3, GenuineIntel



---------------  S Y S T E M  ---------------

OS: Windows 10.0 , 64 bit Build 19041 (10.0.19041.1023)

CPU:total 4 (initial active 4) (4 cores per cpu, 1 threads per core) family 6 model 60 stepping 3, cmov, cx8, fxsr, mmx, sse, sse2, sse3, ssse3, sse4.1, sse4.2, popcnt, avx, avx2, aes, clmul, erms, lzcnt, tsc, tscinvbit, bmi1, bmi2

Memory: 4k page, physical 8298044k(3999500k free), swap 10395196k(5730016k free)

vm_info: OpenJDK 64-Bit Server VM (25.242-b01) for windows-amd64 JRE (1.8.0_242-release-1644-b01), built by "builder" with MS VC++ 10.0 (VS2010)

time: Sat Jul 10 15:34:52 2021
timezone: India Standard Time
elapsed time: 2 seconds (0d 0h 0m 2s)

